2020-03-11 12:00:33,198  INFO [main] TestBase:38 - Lunching Test_Case Started Time...org.testng.TestRunner@7494e528
2020-03-11 12:01:35,481  INFO [main] TestBase:90 - Test Started...[TestResult name=loginTest status=STARTED method=TC_A_LoginPageTest.loginTest()[pri:0, instance:com.shopcart.qa.testcases.TC_A_LoginPageTest@5a8e6209] output={null}]
2020-03-11 12:01:39,917  INFO [main] TestBase:101 - Test Successed...[TestResult name=loginTest status=SUCCESS method=TC_A_LoginPageTest.loginTest()[pri:0, instance:com.shopcart.qa.testcases.TC_A_LoginPageTest@5a8e6209] output={null}]
2020-03-11 12:02:11,848  INFO [main] TestBase:90 - Test Started...[TestResult name=loginPageTitleTest status=STARTED method=TC_A_LoginPageTest.loginPageTitleTest()[pri:0, instance:com.shopcart.qa.testcases.TC_A_LoginPageTest@5a8e6209] output={null}]
2020-03-11 12:02:12,010  INFO [main] TestBase:35 - Title is verified
2020-03-11 12:02:12,014  INFO [main] TestBase:101 - Test Successed...[TestResult name=loginPageTitleTest status=SUCCESS method=TC_A_LoginPageTest.loginPageTitleTest()[pri:0, instance:com.shopcart.qa.testcases.TC_A_LoginPageTest@5a8e6209] output={null}]
2020-03-11 12:02:28,350  INFO [main] TestBase:90 - Test Started...[TestResult name=ShoplogoImg status=STARTED method=TC_A_LoginPageTest.ShoplogoImg()[pri:0, instance:com.shopcart.qa.testcases.TC_A_LoginPageTest@5a8e6209] output={null}]
2020-03-11 12:02:28,723  INFO [main] TestBase:41 - ShoplogoImg is verified
2020-03-11 12:02:28,727  INFO [main] TestBase:101 - Test Successed...[TestResult name=ShoplogoImg status=SUCCESS method=TC_A_LoginPageTest.ShoplogoImg()[pri:0, instance:com.shopcart.qa.testcases.TC_A_LoginPageTest@5a8e6209] output={null}]
2020-03-11 12:03:01,024  INFO [main] TestBase:90 - Test Started...[TestResult name=ShopVersionTest status=STARTED method=TC_A_LoginPageTest.ShopVersionTest()[pri:0, instance:com.shopcart.qa.testcases.TC_A_LoginPageTest@5a8e6209] output={null}]
2020-03-11 12:03:01,255  INFO [main] TestBase:47 - ShopVersion is verified
2020-03-11 12:03:01,261  INFO [main] TestBase:101 - Test Successed...[TestResult name=ShopVersionTest status=SUCCESS method=TC_A_LoginPageTest.ShopVersionTest()[pri:0, instance:com.shopcart.qa.testcases.TC_A_LoginPageTest@5a8e6209] output={null}]
2020-03-11 12:03:22,660  INFO [main] TestBase:90 - Test Started...[TestResult name=ShopcartImgTest status=STARTED method=TC_A_LoginPageTest.ShopcartImgTest()[pri:0, instance:com.shopcart.qa.testcases.TC_A_LoginPageTest@5a8e6209] output={null}]
2020-03-11 12:03:22,732  INFO [main] TestBase:55 - ShopcartImg is verified
2020-03-11 12:03:22,732  INFO [main] TestBase:101 - Test Successed...[TestResult name=ShopcartImgTest status=SUCCESS method=TC_A_LoginPageTest.ShopcartImgTest()[pri:0, instance:com.shopcart.qa.testcases.TC_A_LoginPageTest@5a8e6209] output={null}]
2020-03-11 12:03:41,582  INFO [main] TestBase:90 - Test Started...[TestResult name=HomePage status=STARTED method=TC_A_LoginPageTest.HomePage()[pri:0, instance:com.shopcart.qa.testcases.TC_A_LoginPageTest@5a8e6209] output={null}]
2020-03-11 12:03:41,714  INFO [main] TestBase:101 - Test Successed...[TestResult name=HomePage status=SUCCESS method=TC_A_LoginPageTest.HomePage()[pri:0, instance:com.shopcart.qa.testcases.TC_A_LoginPageTest@5a8e6209] output={null}]
2020-03-11 12:04:15,885  INFO [main] TestBase:90 - Test Started...[TestResult name=verifyHomePageTitleTest status=STARTED method=TC_B_HomePageTest.verifyHomePageTitleTest()[pri:0, instance:com.shopcart.qa.testcases.TC_B_HomePageTest@3b0143d3] output={null}]
2020-03-11 12:04:15,898  INFO [main] TestBase:35 - Verify HomePage Title:SHOPCART > Administration panel (PrestaShopâ„¢)
2020-03-11 12:04:15,899  INFO [main] TestBase:101 - Test Successed...[TestResult name=verifyHomePageTitleTest status=SUCCESS method=TC_B_HomePageTest.verifyHomePageTitleTest()[pri:0, instance:com.shopcart.qa.testcases.TC_B_HomePageTest@3b0143d3] output={null}]
2020-03-11 12:05:09,142  INFO [main] TestBase:90 - Test Started...[TestResult name=verifyCartTest status=STARTED method=TC_B_HomePageTest.verifyCartTest()[pri:0, instance:com.shopcart.qa.testcases.TC_B_HomePageTest@3b0143d3] output={null}]
2020-03-11 12:05:56,995  INFO [main] TestBase:57 - Test Failed...[TestResult name=verifyCartTest status=FAILURE method=TC_B_HomePageTest.verifyCartTest()[pri:0, instance:com.shopcart.qa.testcases.TC_B_HomePageTest@3b0143d3] output={null}]
2020-03-11 12:06:24,293  INFO [main] TestBase:90 - Test Started...[TestResult name=verifyQuickAcessTest status=STARTED method=TC_B_HomePageTest.verifyQuickAcessTest()[pri:0, instance:com.shopcart.qa.testcases.TC_B_HomePageTest@3b0143d3] output={null}]
2020-03-11 12:06:31,586  INFO [main] TestBase:57 - Test Failed...[TestResult name=verifyQuickAcessTest status=FAILURE method=TC_B_HomePageTest.verifyQuickAcessTest()[pri:0, instance:com.shopcart.qa.testcases.TC_B_HomePageTest@3b0143d3] output={null}]
2020-03-11 12:06:46,637  INFO [main] TestBase:90 - Test Started...[TestResult name=verifySystemAdminLinkTest status=STARTED method=TC_B_HomePageTest.verifySystemAdminLinkTest()[pri:0, instance:com.shopcart.qa.testcases.TC_B_HomePageTest@3b0143d3] output={null}]
2020-03-11 12:07:31,420  INFO [main] TestBase:57 - Test Failed...[TestResult name=verifySystemAdminLinkTest status=FAILURE method=TC_B_HomePageTest.verifySystemAdminLinkTest()[pri:0, instance:com.shopcart.qa.testcases.TC_B_HomePageTest@3b0143d3] output={null}]
2020-03-11 12:07:51,162  INFO [main] TestBase:90 - Test Started...[TestResult name=verifyHelpLinkTest status=STARTED method=TC_B_HomePageTest.verifyHelpLinkTest()[pri:0, instance:com.shopcart.qa.testcases.TC_B_HomePageTest@3b0143d3] output={null}]
2020-03-11 12:07:57,800  INFO [main] TestBase:59 - Help Link open
2020-03-11 12:07:57,802  INFO [main] TestBase:101 - Test Successed...[TestResult name=verifyHelpLinkTest status=SUCCESS method=TC_B_HomePageTest.verifyHelpLinkTest()[pri:0, instance:com.shopcart.qa.testcases.TC_B_HomePageTest@3b0143d3] output={null}]
2020-03-11 12:08:17,567  INFO [main] TestBase:90 - Test Started...[TestResult name=verifyDashbrdTest status=STARTED method=TC_B_HomePageTest.verifyDashbrdTest()[pri:0, instance:com.shopcart.qa.testcases.TC_B_HomePageTest@3b0143d3] output={null}]
2020-03-11 12:08:24,338  INFO [main] TestBase:70 - Dashoboard is verify
2020-03-11 12:08:24,344  INFO [main] TestBase:101 - Test Successed...[TestResult name=verifyDashbrdTest status=SUCCESS method=TC_B_HomePageTest.verifyDashbrdTest()[pri:0, instance:com.shopcart.qa.testcases.TC_B_HomePageTest@3b0143d3] output={null}]
2020-03-11 12:08:42,228  INFO [main] TestBase:90 - Test Started...[TestResult name=menuListSizeTest status=STARTED method=TC_B_HomePageTest.menuListSizeTest()[pri:0, instance:com.shopcart.qa.testcases.TC_B_HomePageTest@3b0143d3] output={null}]
2020-03-11 12:08:47,686  INFO [main] TestBase:101 - Test Successed...[TestResult name=menuListSizeTest status=SUCCESS method=TC_B_HomePageTest.menuListSizeTest()[pri:0, instance:com.shopcart.qa.testcases.TC_B_HomePageTest@3b0143d3] output={null}]
2020-03-11 12:09:06,069  INFO [main] TestBase:90 - Test Started...[TestResult name=searchMenuTest status=STARTED method=TC_B_HomePageTest.searchMenuTest()[pri:0, instance:com.shopcart.qa.testcases.TC_B_HomePageTest@3b0143d3] output={null}]
2020-03-11 12:09:12,665  INFO [main] TestBase:57 - Test Failed...[TestResult name=searchMenuTest status=FAILURE method=TC_B_HomePageTest.searchMenuTest()[pri:0, instance:com.shopcart.qa.testcases.TC_B_HomePageTest@3b0143d3] output={null}]
2020-03-11 12:09:31,331  INFO [main] TestBase:90 - Test Started...[TestResult name=CatalogPageTest status=STARTED method=TC_B_HomePageTest.CatalogPageTest()[pri:0, instance:com.shopcart.qa.testcases.TC_B_HomePageTest@3b0143d3] output={null}]
2020-03-11 12:09:31,333  INFO [main] TestBase:88 - catalog link open
2020-03-11 12:09:31,334  INFO [main] TestBase:101 - Test Successed...[TestResult name=CatalogPageTest status=SUCCESS method=TC_B_HomePageTest.CatalogPageTest()[pri:0, instance:com.shopcart.qa.testcases.TC_B_HomePageTest@3b0143d3] output={null}]
2020-03-11 12:09:52,662  INFO [main] TestBase:90 - Test Started...[TestResult name=productCatalogTest status=STARTED method=TC_C_CatalogPageTest1.productCatalogTest(java.lang.String, java.lang.String, java.lang.String, java.lang.String)[pri:0, instance:com.shopcart.qa.testcases.TC_C_CatalogPageTest1@63753b6d] output={null}]
2020-03-11 12:10:15,666  INFO [main] TestBase:101 - Test Successed...[TestResult name=productCatalogTest status=SUCCESS method=TC_C_CatalogPageTest1.productCatalogTest(java.lang.String, java.lang.String, java.lang.String, java.lang.String)[pri:0, instance:com.shopcart.qa.testcases.TC_C_CatalogPageTest1@63753b6d] output={null}]
2020-03-11 12:10:36,041  INFO [main] TestBase:90 - Test Started...[TestResult name=productCatalogTest status=STARTED method=TC_C_CatalogPageTest1.productCatalogTest(java.lang.String, java.lang.String, java.lang.String, java.lang.String)[pri:0, instance:com.shopcart.qa.testcases.TC_C_CatalogPageTest1@63753b6d] output={null}]
2020-03-11 12:10:49,475  INFO [main] TestBase:101 - Test Successed...[TestResult name=productCatalogTest status=SUCCESS method=TC_C_CatalogPageTest1.productCatalogTest(java.lang.String, java.lang.String, java.lang.String, java.lang.String)[pri:0, instance:com.shopcart.qa.testcases.TC_C_CatalogPageTest1@63753b6d] output={null}]
2020-03-11 12:11:06,564  INFO [main] TestBase:90 - Test Started...[TestResult name=productCatalogTest status=STARTED method=TC_C_CatalogPageTest1.productCatalogTest(java.lang.String, java.lang.String, java.lang.String, java.lang.String)[pri:0, instance:com.shopcart.qa.testcases.TC_C_CatalogPageTest1@63753b6d] output={null}]
2020-03-11 12:11:44,280  INFO [main] TestBase:57 - Test Failed...[TestResult name=productCatalogTest status=FAILURE method=TC_C_CatalogPageTest1.productCatalogTest(java.lang.String, java.lang.String, java.lang.String, java.lang.String)[pri:0, instance:com.shopcart.qa.testcases.TC_C_CatalogPageTest1@63753b6d] output={null}]
2020-03-11 12:12:04,574  INFO [main] TestBase:90 - Test Started...[TestResult name=productCatalogTest status=STARTED method=TC_C_CatalogPageTest1.productCatalogTest(java.lang.String, java.lang.String, java.lang.String, java.lang.String)[pri:0, instance:com.shopcart.qa.testcases.TC_C_CatalogPageTest1@63753b6d] output={null}]
2020-03-11 12:12:19,341  INFO [main] TestBase:101 - Test Successed...[TestResult name=productCatalogTest status=SUCCESS method=TC_C_CatalogPageTest1.productCatalogTest(java.lang.String, java.lang.String, java.lang.String, java.lang.String)[pri:0, instance:com.shopcart.qa.testcases.TC_C_CatalogPageTest1@63753b6d] output={null}]
2020-03-11 12:12:37,908  INFO [main] TestBase:90 - Test Started...[TestResult name=catagoryTest status=STARTED method=TC_C_CatalogPageTest1.catagoryTest()[pri:0, instance:com.shopcart.qa.testcases.TC_C_CatalogPageTest1@63753b6d] output={null}]
2020-03-11 12:12:43,201  INFO [main] TestBase:101 - Test Successed...[TestResult name=catagoryTest status=SUCCESS method=TC_C_CatalogPageTest1.catagoryTest()[pri:0, instance:com.shopcart.qa.testcases.TC_C_CatalogPageTest1@63753b6d] output={null}]
2020-03-11 12:13:07,581  INFO [main] TestBase:90 - Test Started...[TestResult name=TrackingTest status=STARTED method=TC_C_CatalogPageTest1.TrackingTest()[pri:0, instance:com.shopcart.qa.testcases.TC_C_CatalogPageTest1@63753b6d] output={null}]
2020-03-11 12:13:15,541  INFO [main] TestBase:101 - Test Successed...[TestResult name=TrackingTest status=SUCCESS method=TC_C_CatalogPageTest1.TrackingTest()[pri:0, instance:com.shopcart.qa.testcases.TC_C_CatalogPageTest1@63753b6d] output={null}]
2020-03-11 12:13:31,967  INFO [main] TestBase:90 - Test Started...[TestResult name=OrdersPage status=STARTED method=TC_C_CatalogPageTest1.OrdersPage()[pri:0, instance:com.shopcart.qa.testcases.TC_C_CatalogPageTest1@63753b6d] output={null}]
2020-03-11 12:13:32,390  INFO [main] TestBase:101 - Test Successed...[TestResult name=OrdersPage status=SUCCESS method=TC_C_CatalogPageTest1.OrdersPage()[pri:0, instance:com.shopcart.qa.testcases.TC_C_CatalogPageTest1@63753b6d] output={null}]
2020-03-11 12:13:48,757  INFO [main] TestBase:90 - Test Started...[TestResult name=validateOrders status=STARTED method=TC_D_OrdersPageTest.validateOrders()[pri:0, instance:com.shopcart.qa.testcases.TC_D_OrdersPageTest@57536d79] output={null}]
2020-03-11 12:13:55,180  INFO [main] TestBase:101 - Test Successed...[TestResult name=validateOrders status=SUCCESS method=TC_D_OrdersPageTest.validateOrders()[pri:0, instance:com.shopcart.qa.testcases.TC_D_OrdersPageTest@57536d79] output={null}]
2020-03-11 12:14:11,646  INFO [main] TestBase:90 - Test Started...[TestResult name=validateInvoice status=STARTED method=TC_D_OrdersPageTest.validateInvoice()[pri:0, instance:com.shopcart.qa.testcases.TC_D_OrdersPageTest@57536d79] output={null}]
2020-03-11 12:14:19,549  INFO [main] TestBase:101 - Test Successed...[TestResult name=validateInvoice status=SUCCESS method=TC_D_OrdersPageTest.validateInvoice()[pri:0, instance:com.shopcart.qa.testcases.TC_D_OrdersPageTest@57536d79] output={null}]
2020-03-11 12:14:35,654  INFO [main] TestBase:90 - Test Started...[TestResult name=validateMerchandise_Returns status=STARTED method=TC_D_OrdersPageTest.validateMerchandise_Returns()[pri:0, instance:com.shopcart.qa.testcases.TC_D_OrdersPageTest@57536d79] output={null}]
2020-03-11 12:14:42,340  INFO [main] TestBase:101 - Test Successed...[TestResult name=validateMerchandise_Returns status=SUCCESS method=TC_D_OrdersPageTest.validateMerchandise_Returns()[pri:0, instance:com.shopcart.qa.testcases.TC_D_OrdersPageTest@57536d79] output={null}]
2020-03-11 12:15:00,690  INFO [main] TestBase:90 - Test Started...[TestResult name=validateDeliverySlips status=STARTED method=TC_D_OrdersPageTest.validateDeliverySlips()[pri:0, instance:com.shopcart.qa.testcases.TC_D_OrdersPageTest@57536d79] output={null}]
2020-03-11 12:15:15,598  INFO [main] TestBase:101 - Test Successed...[TestResult name=validateDeliverySlips status=SUCCESS method=TC_D_OrdersPageTest.validateDeliverySlips()[pri:0, instance:com.shopcart.qa.testcases.TC_D_OrdersPageTest@57536d79] output={null}]
2020-03-11 12:15:32,532  INFO [main] TestBase:90 - Test Started...[TestResult name=validateCreditSlips status=STARTED method=TC_D_OrdersPageTest.validateCreditSlips()[pri:0, instance:com.shopcart.qa.testcases.TC_D_OrdersPageTest@57536d79] output={null}]
2020-03-11 12:15:41,789  INFO [main] TestBase:101 - Test Successed...[TestResult name=validateCreditSlips status=SUCCESS method=TC_D_OrdersPageTest.validateCreditSlips()[pri:0, instance:com.shopcart.qa.testcases.TC_D_OrdersPageTest@57536d79] output={null}]
2020-03-11 12:15:57,428  INFO [main] TestBase:90 - Test Started...[TestResult name=validateStatuses status=STARTED method=TC_D_OrdersPageTest.validateStatuses()[pri:0, instance:com.shopcart.qa.testcases.TC_D_OrdersPageTest@57536d79] output={null}]
2020-03-11 12:16:07,776  INFO [main] TestBase:101 - Test Successed...[TestResult name=validateStatuses status=SUCCESS method=TC_D_OrdersPageTest.validateStatuses()[pri:0, instance:com.shopcart.qa.testcases.TC_D_OrdersPageTest@57536d79] output={null}]
2020-03-11 12:16:25,885  INFO [main] TestBase:90 - Test Started...[TestResult name=customerPage status=STARTED method=TC_D_OrdersPageTest.customerPage()[pri:0, instance:com.shopcart.qa.testcases.TC_D_OrdersPageTest@57536d79] output={null}]
2020-03-11 12:16:25,887  INFO [main] TestBase:101 - Test Successed...[TestResult name=customerPage status=SUCCESS method=TC_D_OrdersPageTest.customerPage()[pri:0, instance:com.shopcart.qa.testcases.TC_D_OrdersPageTest@57536d79] output={null}]
2020-03-11 12:16:42,150  INFO [main] TestBase:90 - Test Started...[TestResult name=validateOrderMessages status=STARTED method=TC_D_OrdersPageTest.validateOrderMessages()[pri:0, instance:com.shopcart.qa.testcases.TC_D_OrdersPageTest@57536d79] output={null}]
2020-03-11 12:16:50,431  INFO [main] TestBase:101 - Test Successed...[TestResult name=validateOrderMessages status=SUCCESS method=TC_D_OrdersPageTest.validateOrderMessages()[pri:0, instance:com.shopcart.qa.testcases.TC_D_OrdersPageTest@57536d79] output={null}]
2020-03-11 12:17:07,707  INFO [main] TestBase:90 - Test Started...[TestResult name=validateCustomerData status=STARTED method=TC_E_CustomerPageTest.validateCustomerData(java.lang.String, java.lang.String, java.lang.String, java.lang.String)[pri:0, instance:com.shopcart.qa.testcases.TC_E_CustomerPageTest@4b4523f8] output={null}]
2020-03-11 12:17:23,951  INFO [main] TestBase:101 - Test Successed...[TestResult name=validateCustomerData status=SUCCESS method=TC_E_CustomerPageTest.validateCustomerData(java.lang.String, java.lang.String, java.lang.String, java.lang.String)[pri:0, instance:com.shopcart.qa.testcases.TC_E_CustomerPageTest@4b4523f8] output={null}]
2020-03-11 12:17:44,995  INFO [main] TestBase:90 - Test Started...[TestResult name=validateCustomerData status=STARTED method=TC_E_CustomerPageTest.validateCustomerData(java.lang.String, java.lang.String, java.lang.String, java.lang.String)[pri:0, instance:com.shopcart.qa.testcases.TC_E_CustomerPageTest@4b4523f8] output={null}]
2020-03-11 12:17:55,214  INFO [main] TestBase:101 - Test Successed...[TestResult name=validateCustomerData status=SUCCESS method=TC_E_CustomerPageTest.validateCustomerData(java.lang.String, java.lang.String, java.lang.String, java.lang.String)[pri:0, instance:com.shopcart.qa.testcases.TC_E_CustomerPageTest@4b4523f8] output={null}]
2020-03-11 12:18:12,160  INFO [main] TestBase:90 - Test Started...[TestResult name=validateCustomerData status=STARTED method=TC_E_CustomerPageTest.validateCustomerData(java.lang.String, java.lang.String, java.lang.String, java.lang.String)[pri:0, instance:com.shopcart.qa.testcases.TC_E_CustomerPageTest@4b4523f8] output={null}]
2020-03-11 12:18:22,804  INFO [main] TestBase:101 - Test Successed...[TestResult name=validateCustomerData status=SUCCESS method=TC_E_CustomerPageTest.validateCustomerData(java.lang.String, java.lang.String, java.lang.String, java.lang.String)[pri:0, instance:com.shopcart.qa.testcases.TC_E_CustomerPageTest@4b4523f8] output={null}]
2020-03-11 12:18:45,099  INFO [main] TestBase:90 - Test Started...[TestResult name=validateCustomerData status=STARTED method=TC_E_CustomerPageTest.validateCustomerData(java.lang.String, java.lang.String, java.lang.String, java.lang.String)[pri:0, instance:com.shopcart.qa.testcases.TC_E_CustomerPageTest@4b4523f8] output={null}]
2020-03-11 12:18:56,165  INFO [main] TestBase:101 - Test Successed...[TestResult name=validateCustomerData status=SUCCESS method=TC_E_CustomerPageTest.validateCustomerData(java.lang.String, java.lang.String, java.lang.String, java.lang.String)[pri:0, instance:com.shopcart.qa.testcases.TC_E_CustomerPageTest@4b4523f8] output={null}]
2020-03-11 12:19:18,714  INFO [main] TestBase:90 - Test Started...[TestResult name=ValidatAddressesTest status=STARTED method=TC_E_CustomerPageTest.ValidatAddressesTest()[pri:0, instance:com.shopcart.qa.testcases.TC_E_CustomerPageTest@4b4523f8] output={null}]
2020-03-11 12:19:25,785  INFO [main] TestBase:101 - Test Successed...[TestResult name=ValidatAddressesTest status=SUCCESS method=TC_E_CustomerPageTest.ValidatAddressesTest()[pri:0, instance:com.shopcart.qa.testcases.TC_E_CustomerPageTest@4b4523f8] output={null}]
2020-03-11 12:19:46,039  INFO [main] TestBase:90 - Test Started...[TestResult name=ValidatGroupsTest status=STARTED method=TC_E_CustomerPageTest.ValidatGroupsTest()[pri:0, instance:com.shopcart.qa.testcases.TC_E_CustomerPageTest@4b4523f8] output={null}]
2020-03-11 12:19:56,187  INFO [main] TestBase:101 - Test Successed...[TestResult name=ValidatGroupsTest status=SUCCESS method=TC_E_CustomerPageTest.ValidatGroupsTest()[pri:0, instance:com.shopcart.qa.testcases.TC_E_CustomerPageTest@4b4523f8] output={null}]
2020-03-11 12:20:17,817  INFO [main] TestBase:90 - Test Started...[TestResult name=ValidatShippingCartsTest status=STARTED method=TC_E_CustomerPageTest.ValidatShippingCartsTest()[pri:0, instance:com.shopcart.qa.testcases.TC_E_CustomerPageTest@4b4523f8] output={null}]
2020-03-11 12:20:26,754  INFO [main] TestBase:101 - Test Successed...[TestResult name=ValidatShippingCartsTest status=SUCCESS method=TC_E_CustomerPageTest.ValidatShippingCartsTest()[pri:0, instance:com.shopcart.qa.testcases.TC_E_CustomerPageTest@4b4523f8] output={null}]
2020-03-11 12:20:45,132  INFO [main] TestBase:90 - Test Started...[TestResult name=ValidatCustomerServicesTest status=STARTED method=TC_E_CustomerPageTest.ValidatCustomerServicesTest()[pri:0, instance:com.shopcart.qa.testcases.TC_E_CustomerPageTest@4b4523f8] output={null}]
2020-03-11 12:20:53,604  INFO [main] TestBase:101 - Test Successed...[TestResult name=ValidatCustomerServicesTest status=SUCCESS method=TC_E_CustomerPageTest.ValidatCustomerServicesTest()[pri:0, instance:com.shopcart.qa.testcases.TC_E_CustomerPageTest@4b4523f8] output={null}]
2020-03-11 12:21:15,639  INFO [main] TestBase:90 - Test Started...[TestResult name=ValidatContactsTest status=STARTED method=TC_E_CustomerPageTest.ValidatContactsTest()[pri:0, instance:com.shopcart.qa.testcases.TC_E_CustomerPageTest@4b4523f8] output={null}]
2020-03-11 12:21:23,312  INFO [main] TestBase:101 - Test Successed...[TestResult name=ValidatContactsTest status=SUCCESS method=TC_E_CustomerPageTest.ValidatContactsTest()[pri:0, instance:com.shopcart.qa.testcases.TC_E_CustomerPageTest@4b4523f8] output={null}]
2020-03-11 12:21:39,695  INFO [main] TestBase:90 - Test Started...[TestResult name=validatTittlesTest status=STARTED method=TC_E_CustomerPageTest.validatTittlesTest()[pri:0, instance:com.shopcart.qa.testcases.TC_E_CustomerPageTest@4b4523f8] output={null}]
2020-03-11 12:21:53,805  INFO [main] TestBase:101 - Test Successed...[TestResult name=validatTittlesTest status=SUCCESS method=TC_E_CustomerPageTest.validatTittlesTest()[pri:0, instance:com.shopcart.qa.testcases.TC_E_CustomerPageTest@4b4523f8] output={null}]
2020-03-11 12:21:59,387  INFO [main] TestBase:24 - Ending Chrome Test_Case Finished Time...org.testng.TestRunner@7494e528
2020-03-11 12:22:00,161 DEBUG [main] cache:45 - Couldn't find template in cache for "Extent.ftl"("en_IN", UTF-8, parsed); will try to load it.
2020-03-11 12:22:00,161 DEBUG [main] cache:45 - TemplateLoader.findTemplateSource("Extent_en_IN.ftl"): Not found
2020-03-11 12:22:00,161 DEBUG [main] cache:45 - TemplateLoader.findTemplateSource("Extent_en.ftl"): Not found
2020-03-11 12:22:00,161 DEBUG [main] cache:45 - TemplateLoader.findTemplateSource("Extent.ftl"): Found
2020-03-11 12:22:00,161 DEBUG [main] cache:45 - Loading template for "Extent.ftl"("en_IN", UTF-8, parsed) from "jar:file:/C:/Users/BS146TU/.m2/repository/com/relevantcodes/extentreports/2.41.2/extentreports-2.41.2.jar!/com/relevantcodes/extentreports/view/Extent.ftl"
