<?xml version="1.0" encoding="UTF-8"?>
<testng-results skipped="22" failed="3" total="33" passed="8">
  <reporter-output>
  </reporter-output>
  <suite name="Command line suite" duration-ms="454299" started-at="2020-03-11T06:18:24Z" finished-at="2020-03-11T06:25:58Z">
    <groups>
    </groups>
    <test name="Command line test" duration-ms="454299" started-at="2020-03-11T06:18:24Z" finished-at="2020-03-11T06:25:58Z">
      <class name="com.shopcart.qa.testcases.TC_E_CustomerPageTest">
        <test-method status="PASS" signature="setUp()[pri:0, instance:com.shopcart.qa.testcases.TC_E_CustomerPageTest@6f7fd0e6]" name="setUp" is-config="true" duration-ms="16321" started-at="2020-03-11T11:50:21Z" finished-at="2020-03-11T11:50:37Z">
          <reporter-output>
          </reporter-output>
        </test-method> <!-- setUp -->
        <test-method status="PASS" signature="validateCustomerData(java.lang.String, java.lang.String, java.lang.String, java.lang.String)[pri:0, instance:com.shopcart.qa.testcases.TC_E_CustomerPageTest@6f7fd0e6]" name="validateCustomerData" duration-ms="14357" started-at="2020-03-11T11:50:37Z" data-provider="getData" finished-at="2020-03-11T11:50:52Z">
          <params>
            <param index="0">
              <value>
                <![CDATA[Ashu]]>
              </value>
            </param>
            <param index="1">
              <value>
                <![CDATA[s]]>
              </value>
            </param>
            <param index="2">
              <value>
                <![CDATA[as@gmail.com]]>
              </value>
            </param>
            <param index="3">
              <value>
                <![CDATA[password]]>
              </value>
            </param>
          </params>
          <reporter-output>
          </reporter-output>
        </test-method> <!-- validateCustomerData -->
        <test-method status="PASS" signature="ExitPath()[pri:0, instance:com.shopcart.qa.testcases.TC_E_CustomerPageTest@6f7fd0e6]" name="ExitPath" is-config="true" duration-ms="2431" started-at="2020-03-11T11:50:52Z" finished-at="2020-03-11T11:50:54Z">
          <reporter-output>
          </reporter-output>
        </test-method> <!-- ExitPath -->
        <test-method status="PASS" signature="setUp()[pri:0, instance:com.shopcart.qa.testcases.TC_E_CustomerPageTest@6f7fd0e6]" name="setUp" is-config="true" duration-ms="18391" started-at="2020-03-11T11:50:54Z" finished-at="2020-03-11T11:51:12Z">
          <reporter-output>
          </reporter-output>
        </test-method> <!-- setUp -->
        <test-method status="PASS" signature="validateCustomerData(java.lang.String, java.lang.String, java.lang.String, java.lang.String)[pri:0, instance:com.shopcart.qa.testcases.TC_E_CustomerPageTest@6f7fd0e6]" name="validateCustomerData" duration-ms="17786" started-at="2020-03-11T11:51:12Z" data-provider="getData" finished-at="2020-03-11T11:51:30Z">
          <params>
            <param index="0">
              <value>
                <![CDATA[Akash]]>
              </value>
            </param>
            <param index="1">
              <value>
                <![CDATA[v]]>
              </value>
            </param>
            <param index="2">
              <value>
                <![CDATA[av@gmail.com]]>
              </value>
            </param>
            <param index="3">
              <value>
                <![CDATA[password]]>
              </value>
            </param>
          </params>
          <reporter-output>
          </reporter-output>
        </test-method> <!-- validateCustomerData -->
        <test-method status="PASS" signature="ExitPath()[pri:0, instance:com.shopcart.qa.testcases.TC_E_CustomerPageTest@6f7fd0e6]" name="ExitPath" is-config="true" duration-ms="2636" started-at="2020-03-11T11:51:30Z" finished-at="2020-03-11T11:51:33Z">
          <reporter-output>
          </reporter-output>
        </test-method> <!-- ExitPath -->
        <test-method status="PASS" signature="setUp()[pri:0, instance:com.shopcart.qa.testcases.TC_E_CustomerPageTest@6f7fd0e6]" name="setUp" is-config="true" duration-ms="15820" started-at="2020-03-11T11:51:33Z" finished-at="2020-03-11T11:51:49Z">
          <reporter-output>
          </reporter-output>
        </test-method> <!-- setUp -->
        <test-method status="PASS" signature="validateCustomerData(java.lang.String, java.lang.String, java.lang.String, java.lang.String)[pri:0, instance:com.shopcart.qa.testcases.TC_E_CustomerPageTest@6f7fd0e6]" name="validateCustomerData" duration-ms="16700" started-at="2020-03-11T11:51:49Z" data-provider="getData" finished-at="2020-03-11T11:52:05Z">
          <params>
            <param index="0">
              <value>
                <![CDATA[Shubham]]>
              </value>
            </param>
            <param index="1">
              <value>
                <![CDATA[p]]>
              </value>
            </param>
            <param index="2">
              <value>
                <![CDATA[sp@gmail.com]]>
              </value>
            </param>
            <param index="3">
              <value>
                <![CDATA[password]]>
              </value>
            </param>
          </params>
          <reporter-output>
          </reporter-output>
        </test-method> <!-- validateCustomerData -->
        <test-method status="PASS" signature="ExitPath()[pri:0, instance:com.shopcart.qa.testcases.TC_E_CustomerPageTest@6f7fd0e6]" name="ExitPath" is-config="true" duration-ms="1468" started-at="2020-03-11T11:52:05Z" finished-at="2020-03-11T11:52:07Z">
          <reporter-output>
          </reporter-output>
        </test-method> <!-- ExitPath -->
        <test-method status="PASS" signature="setUp()[pri:0, instance:com.shopcart.qa.testcases.TC_E_CustomerPageTest@6f7fd0e6]" name="setUp" is-config="true" duration-ms="20571" started-at="2020-03-11T11:52:07Z" finished-at="2020-03-11T11:52:27Z">
          <reporter-output>
          </reporter-output>
        </test-method> <!-- setUp -->
        <test-method status="FAIL" signature="validateCustomerData(java.lang.String, java.lang.String, java.lang.String, java.lang.String)[pri:0, instance:com.shopcart.qa.testcases.TC_E_CustomerPageTest@6f7fd0e6]" name="validateCustomerData" duration-ms="54840" started-at="2020-03-11T11:52:27Z" data-provider="getData" finished-at="2020-03-11T11:53:22Z">
          <params>
            <param index="0">
              <value>
                <![CDATA[Abhi]]>
              </value>
            </param>
            <param index="1">
              <value>
                <![CDATA[k]]>
              </value>
            </param>
            <param index="2">
              <value>
                <![CDATA[ak]]>
              </value>
            </param>
            <param index="3">
              <value>
                <![CDATA[password]]>
              </value>
            </param>
          </params>
          <exception class="org.openqa.selenium.NoSuchElementException">
            <message>
              <![CDATA[no such element: Unable to locate element: {"method":"xpath","selector":"//*[@id='gender_1']"}
  (Session info: chrome=80.0.3987.132)
For documentation on this error, please visit: https://www.seleniumhq.org/exceptions/no_such_element.html
Build info: version: '3.141.59', revision: 'e82be7d358', time: '2018-11-14T08:17:03'
System info: host: 'LAPTOP-5E3MODR9', ip: '192.168.0.103', os.name: 'Windows 10', os.arch: 'amd64', os.version: '10.0', java.version: '1.8.0_152'
Driver info: org.openqa.selenium.chrome.ChromeDriver
Capabilities {acceptInsecureCerts: false, browserName: chrome, browserVersion: 80.0.3987.132, chrome: {chromedriverVersion: 79.0.3945.36 (3582db32b3389..., userDataDir: C:\Users\BS146TU\AppData\Lo...}, goog:chromeOptions: {debuggerAddress: localhost:54119}, javascriptEnabled: true, networkConnectionEnabled: false, pageLoadStrategy: normal, platform: WINDOWS, platformName: WINDOWS, proxy: Proxy(), setWindowRect: true, strictFileInteractability: false, timeouts: {implicit: 0, pageLoad: 300000, script: 30000}, unhandledPromptBehavior: dismiss and notify}
Session ID: 9f9389f31446a8d7d85d909998913b4b
*** Element info: {Using=xpath, value=//*[@id='gender_1']}]]>
            </message>
            <full-stacktrace>
              <![CDATA[org.openqa.selenium.NoSuchElementException: no such element: Unable to locate element: {"method":"xpath","selector":"//*[@id='gender_1']"}
  (Session info: chrome=80.0.3987.132)
For documentation on this error, please visit: https://www.seleniumhq.org/exceptions/no_such_element.html
Build info: version: '3.141.59', revision: 'e82be7d358', time: '2018-11-14T08:17:03'
System info: host: 'LAPTOP-5E3MODR9', ip: '192.168.0.103', os.name: 'Windows 10', os.arch: 'amd64', os.version: '10.0', java.version: '1.8.0_152'
Driver info: org.openqa.selenium.chrome.ChromeDriver
Capabilities {acceptInsecureCerts: false, browserName: chrome, browserVersion: 80.0.3987.132, chrome: {chromedriverVersion: 79.0.3945.36 (3582db32b3389..., userDataDir: C:\Users\BS146TU\AppData\Lo...}, goog:chromeOptions: {debuggerAddress: localhost:54119}, javascriptEnabled: true, networkConnectionEnabled: false, pageLoadStrategy: normal, platform: WINDOWS, platformName: WINDOWS, proxy: Proxy(), setWindowRect: true, strictFileInteractability: false, timeouts: {implicit: 0, pageLoad: 300000, script: 30000}, unhandledPromptBehavior: dismiss and notify}
Session ID: 9f9389f31446a8d7d85d909998913b4b
*** Element info: {Using=xpath, value=//*[@id='gender_1']}
	at sun.reflect.NativeConstructorAccessorImpl.newInstance0(Native Method)
	at sun.reflect.NativeConstructorAccessorImpl.newInstance(NativeConstructorAccessorImpl.java:62)
	at sun.reflect.DelegatingConstructorAccessorImpl.newInstance(DelegatingConstructorAccessorImpl.java:45)
	at java.lang.reflect.Constructor.newInstance(Constructor.java:423)
	at org.openqa.selenium.remote.http.W3CHttpResponseCodec.createException(W3CHttpResponseCodec.java:187)
	at org.openqa.selenium.remote.http.W3CHttpResponseCodec.decode(W3CHttpResponseCodec.java:122)
	at org.openqa.selenium.remote.http.W3CHttpResponseCodec.decode(W3CHttpResponseCodec.java:49)
	at org.openqa.selenium.remote.HttpCommandExecutor.execute(HttpCommandExecutor.java:158)
	at org.openqa.selenium.remote.service.DriverCommandExecutor.execute(DriverCommandExecutor.java:83)
	at org.openqa.selenium.remote.RemoteWebDriver.execute(RemoteWebDriver.java:552)
	at org.openqa.selenium.remote.RemoteWebDriver.findElement(RemoteWebDriver.java:323)
	at org.openqa.selenium.remote.RemoteWebDriver.findElementByXPath(RemoteWebDriver.java:428)
	at org.openqa.selenium.By$ByXPath.findElement(By.java:353)
	at org.openqa.selenium.remote.RemoteWebDriver.findElement(RemoteWebDriver.java:315)
	at com.shopcart.qa.pages.CustomerPage.addNewCustomerFromExcel(CustomerPage.java:51)
	at com.shopcart.qa.testcases.TC_E_CustomerPageTest.validateCustomerData(TC_E_CustomerPageTest.java:44)
	at sun.reflect.NativeMethodAccessorImpl.invoke0(Native Method)
	at sun.reflect.NativeMethodAccessorImpl.invoke(NativeMethodAccessorImpl.java:62)
	at sun.reflect.DelegatingMethodAccessorImpl.invoke(DelegatingMethodAccessorImpl.java:43)
	at java.lang.reflect.Method.invoke(Method.java:498)
	at org.testng.internal.MethodInvocationHelper.invokeMethod(MethodInvocationHelper.java:80)
	at org.testng.internal.Invoker.invokeMethod(Invoker.java:714)
	at org.testng.internal.Invoker.invokeTestMethod(Invoker.java:901)
	at org.testng.internal.Invoker.invokeTestMethods(Invoker.java:1231)
	at org.testng.internal.TestMethodWorker.invokeTestMethods(TestMethodWorker.java:127)
	at org.testng.internal.TestMethodWorker.run(TestMethodWorker.java:111)
	at org.testng.TestRunner.privateRun(TestRunner.java:767)
	at org.testng.TestRunner.run(TestRunner.java:617)
	at org.testng.SuiteRunner.runTest(SuiteRunner.java:334)
	at org.testng.SuiteRunner.runSequentially(SuiteRunner.java:329)
	at org.testng.SuiteRunner.privateRun(SuiteRunner.java:291)
	at org.testng.SuiteRunner.run(SuiteRunner.java:240)
	at org.testng.SuiteRunnerWorker.runSuite(SuiteRunnerWorker.java:52)
	at org.testng.SuiteRunnerWorker.run(SuiteRunnerWorker.java:86)
	at org.testng.TestNG.runSuitesSequentially(TestNG.java:1198)
	at org.testng.TestNG.runSuitesLocally(TestNG.java:1123)
	at org.testng.TestNG.run(TestNG.java:1031)
	at org.apache.maven.surefire.testng.TestNGExecutor.run(TestNGExecutor.java:77)
	at org.apache.maven.surefire.testng.TestNGDirectoryTestSuite.executeMulti(TestNGDirectoryTestSuite.java:159)
	at org.apache.maven.surefire.testng.TestNGDirectoryTestSuite.execute(TestNGDirectoryTestSuite.java:99)
	at org.apache.maven.surefire.testng.TestNGProvider.invoke(TestNGProvider.java:106)
	at sun.reflect.NativeMethodAccessorImpl.invoke0(Native Method)
	at sun.reflect.NativeMethodAccessorImpl.invoke(NativeMethodAccessorImpl.java:62)
	at sun.reflect.DelegatingMethodAccessorImpl.invoke(DelegatingMethodAccessorImpl.java:43)
	at java.lang.reflect.Method.invoke(Method.java:498)
	at org.apache.maven.surefire.util.ReflectionUtils.invokeMethodWithArray(ReflectionUtils.java:189)
	at org.apache.maven.surefire.booter.ProviderFactory$ProviderProxy.invoke(ProviderFactory.java:165)
	at org.apache.maven.surefire.booter.ProviderFactory.invokeProvider(ProviderFactory.java:85)
	at org.apache.maven.surefire.booter.ForkedBooter.runSuitesInProcess(ForkedBooter.java:115)
	at org.apache.maven.surefire.booter.ForkedBooter.main(ForkedBooter.java:75)
]]>
            </full-stacktrace>
          </exception> <!-- org.openqa.selenium.NoSuchElementException -->
          <reporter-output>
          </reporter-output>
        </test-method> <!-- validateCustomerData -->
        <test-method status="PASS" signature="ExitPath()[pri:0, instance:com.shopcart.qa.testcases.TC_E_CustomerPageTest@6f7fd0e6]" name="ExitPath" is-config="true" duration-ms="1431" started-at="2020-03-11T11:53:22Z" finished-at="2020-03-11T11:53:24Z">
          <reporter-output>
          </reporter-output>
        </test-method> <!-- ExitPath -->
        <test-method status="FAIL" signature="setUp()[pri:0, instance:com.shopcart.qa.testcases.TC_E_CustomerPageTest@6f7fd0e6]" name="setUp" is-config="true" duration-ms="0" started-at="2020-03-11T11:54:41Z" finished-at="2020-03-11T11:54:41Z">
          <exception class="org.openqa.selenium.WebDriverException">
            <message>
              <![CDATA[unknown error: cannot determine loading status
from disconnected: received Inspector.detached event
  (Session info: chrome=80.0.3987.132)
Build info: version: '3.141.59', revision: 'e82be7d358', time: '2018-11-14T08:17:03'
System info: host: 'LAPTOP-5E3MODR9', ip: '192.168.0.103', os.name: 'Windows 10', os.arch: 'amd64', os.version: '10.0', java.version: '1.8.0_152'
Driver info: org.openqa.selenium.chrome.ChromeDriver
Capabilities {acceptInsecureCerts: false, browserName: chrome, browserVersion: 80.0.3987.132, chrome: {chromedriverVersion: 79.0.3945.36 (3582db32b3389..., userDataDir: C:\Users\BS146TU\AppData\Lo...}, goog:chromeOptions: {debuggerAddress: localhost:54585}, javascriptEnabled: true, networkConnectionEnabled: false, pageLoadStrategy: normal, platform: WINDOWS, platformName: WINDOWS, proxy: Proxy(), setWindowRect: true, strictFileInteractability: false, timeouts: {implicit: 0, pageLoad: 300000, script: 30000}, unhandledPromptBehavior: dismiss and notify}
Session ID: 455831a9ebd49beeeb3a062598f6f0d9]]>
            </message>
            <full-stacktrace>
              <![CDATA[org.openqa.selenium.WebDriverException: unknown error: cannot determine loading status
from disconnected: received Inspector.detached event
  (Session info: chrome=80.0.3987.132)
Build info: version: '3.141.59', revision: 'e82be7d358', time: '2018-11-14T08:17:03'
System info: host: 'LAPTOP-5E3MODR9', ip: '192.168.0.103', os.name: 'Windows 10', os.arch: 'amd64', os.version: '10.0', java.version: '1.8.0_152'
Driver info: org.openqa.selenium.chrome.ChromeDriver
Capabilities {acceptInsecureCerts: false, browserName: chrome, browserVersion: 80.0.3987.132, chrome: {chromedriverVersion: 79.0.3945.36 (3582db32b3389..., userDataDir: C:\Users\BS146TU\AppData\Lo...}, goog:chromeOptions: {debuggerAddress: localhost:54585}, javascriptEnabled: true, networkConnectionEnabled: false, pageLoadStrategy: normal, platform: WINDOWS, platformName: WINDOWS, proxy: Proxy(), setWindowRect: true, strictFileInteractability: false, timeouts: {implicit: 0, pageLoad: 300000, script: 30000}, unhandledPromptBehavior: dismiss and notify}
Session ID: 455831a9ebd49beeeb3a062598f6f0d9
	at sun.reflect.NativeConstructorAccessorImpl.newInstance0(Native Method)
	at sun.reflect.NativeConstructorAccessorImpl.newInstance(NativeConstructorAccessorImpl.java:62)
	at sun.reflect.DelegatingConstructorAccessorImpl.newInstance(DelegatingConstructorAccessorImpl.java:45)
	at java.lang.reflect.Constructor.newInstance(Constructor.java:423)
	at org.openqa.selenium.remote.http.W3CHttpResponseCodec.createException(W3CHttpResponseCodec.java:187)
	at org.openqa.selenium.remote.http.W3CHttpResponseCodec.decode(W3CHttpResponseCodec.java:122)
	at org.openqa.selenium.remote.http.W3CHttpResponseCodec.decode(W3CHttpResponseCodec.java:49)
	at org.openqa.selenium.remote.HttpCommandExecutor.execute(HttpCommandExecutor.java:158)
	at org.openqa.selenium.remote.service.DriverCommandExecutor.execute(DriverCommandExecutor.java:83)
	at org.openqa.selenium.remote.RemoteWebDriver.execute(RemoteWebDriver.java:552)
	at org.openqa.selenium.remote.RemoteWebDriver.get(RemoteWebDriver.java:277)
	at com.shopcart.qa.base.TestBase.initialization(TestBase.java:47)
	at com.shopcart.qa.testcases.TC_E_CustomerPageTest.setUp(TC_E_CustomerPageTest.java:26)
	at sun.reflect.NativeMethodAccessorImpl.invoke0(Native Method)
	at sun.reflect.NativeMethodAccessorImpl.invoke(NativeMethodAccessorImpl.java:62)
	at sun.reflect.DelegatingMethodAccessorImpl.invoke(DelegatingMethodAccessorImpl.java:43)
	at java.lang.reflect.Method.invoke(Method.java:498)
	at org.testng.internal.MethodInvocationHelper.invokeMethod(MethodInvocationHelper.java:80)
	at org.testng.internal.Invoker.invokeConfigurationMethod(Invoker.java:564)
	at org.testng.internal.Invoker.invokeConfigurations(Invoker.java:213)
	at org.testng.internal.Invoker.invokeMethod(Invoker.java:653)
	at org.testng.internal.Invoker.invokeTestMethod(Invoker.java:901)
	at org.testng.internal.Invoker.invokeTestMethods(Invoker.java:1231)
	at org.testng.internal.TestMethodWorker.invokeTestMethods(TestMethodWorker.java:127)
	at org.testng.internal.TestMethodWorker.run(TestMethodWorker.java:111)
	at org.testng.TestRunner.privateRun(TestRunner.java:767)
	at org.testng.TestRunner.run(TestRunner.java:617)
	at org.testng.SuiteRunner.runTest(SuiteRunner.java:334)
	at org.testng.SuiteRunner.runSequentially(SuiteRunner.java:329)
	at org.testng.SuiteRunner.privateRun(SuiteRunner.java:291)
	at org.testng.SuiteRunner.run(SuiteRunner.java:240)
	at org.testng.SuiteRunnerWorker.runSuite(SuiteRunnerWorker.java:52)
	at org.testng.SuiteRunnerWorker.run(SuiteRunnerWorker.java:86)
	at org.testng.TestNG.runSuitesSequentially(TestNG.java:1198)
	at org.testng.TestNG.runSuitesLocally(TestNG.java:1123)
	at org.testng.TestNG.run(TestNG.java:1031)
	at org.apache.maven.surefire.testng.TestNGExecutor.run(TestNGExecutor.java:77)
	at org.apache.maven.surefire.testng.TestNGDirectoryTestSuite.executeMulti(TestNGDirectoryTestSuite.java:159)
	at org.apache.maven.surefire.testng.TestNGDirectoryTestSuite.execute(TestNGDirectoryTestSuite.java:99)
	at org.apache.maven.surefire.testng.TestNGProvider.invoke(TestNGProvider.java:106)
	at sun.reflect.NativeMethodAccessorImpl.invoke0(Native Method)
	at sun.reflect.NativeMethodAccessorImpl.invoke(NativeMethodAccessorImpl.java:62)
	at sun.reflect.DelegatingMethodAccessorImpl.invoke(DelegatingMethodAccessorImpl.java:43)
	at java.lang.reflect.Method.invoke(Method.java:498)
	at org.apache.maven.surefire.util.ReflectionUtils.invokeMethodWithArray(ReflectionUtils.java:189)
	at org.apache.maven.surefire.booter.ProviderFactory$ProviderProxy.invoke(ProviderFactory.java:165)
	at org.apache.maven.surefire.booter.ProviderFactory.invokeProvider(ProviderFactory.java:85)
	at org.apache.maven.surefire.booter.ForkedBooter.runSuitesInProcess(ForkedBooter.java:115)
	at org.apache.maven.surefire.booter.ForkedBooter.main(ForkedBooter.java:75)
]]>
            </full-stacktrace>
          </exception> <!-- org.openqa.selenium.WebDriverException -->
          <reporter-output>
          </reporter-output>
        </test-method> <!-- setUp -->
        <test-method status="SKIP" signature="ValidatAddressesTest()[pri:0, instance:com.shopcart.qa.testcases.TC_E_CustomerPageTest@6f7fd0e6]" name="ValidatAddressesTest" duration-ms="1" started-at="2020-03-11T11:54:48Z" finished-at="2020-03-11T11:54:48Z">
          <reporter-output>
          </reporter-output>
        </test-method> <!-- ValidatAddressesTest -->
        <test-method status="SKIP" signature="ExitPath()[pri:0, instance:com.shopcart.qa.testcases.TC_E_CustomerPageTest@6f7fd0e6]" name="ExitPath" is-config="true" duration-ms="0" started-at="2020-03-11T11:54:48Z" finished-at="2020-03-11T11:54:48Z">
          <reporter-output>
          </reporter-output>
        </test-method> <!-- ExitPath -->
        <test-method status="SKIP" signature="ValidatGroupsTest()[pri:0, instance:com.shopcart.qa.testcases.TC_E_CustomerPageTest@6f7fd0e6]" name="ValidatGroupsTest" duration-ms="1" started-at="2020-03-11T11:55:38Z" finished-at="2020-03-11T11:55:38Z">
          <reporter-output>
          </reporter-output>
        </test-method> <!-- ValidatGroupsTest -->
        <test-method status="SKIP" signature="setUp()[pri:0, instance:com.shopcart.qa.testcases.TC_E_CustomerPageTest@6f7fd0e6]" name="setUp" is-config="true" duration-ms="0" started-at="2020-03-11T11:55:38Z" finished-at="2020-03-11T11:55:38Z">
          <reporter-output>
          </reporter-output>
        </test-method> <!-- setUp -->
        <test-method status="SKIP" signature="ExitPath()[pri:0, instance:com.shopcart.qa.testcases.TC_E_CustomerPageTest@6f7fd0e6]" name="ExitPath" is-config="true" duration-ms="0" started-at="2020-03-11T11:55:38Z" finished-at="2020-03-11T11:55:38Z">
          <reporter-output>
          </reporter-output>
        </test-method> <!-- ExitPath -->
        <test-method status="SKIP" signature="setUp()[pri:0, instance:com.shopcart.qa.testcases.TC_E_CustomerPageTest@6f7fd0e6]" name="setUp" is-config="true" duration-ms="0" started-at="2020-03-11T11:55:58Z" finished-at="2020-03-11T11:55:58Z">
          <reporter-output>
          </reporter-output>
        </test-method> <!-- setUp -->
        <test-method status="SKIP" signature="ValidatShippingCartsTest()[pri:0, instance:com.shopcart.qa.testcases.TC_E_CustomerPageTest@6f7fd0e6]" name="ValidatShippingCartsTest" duration-ms="1" started-at="2020-03-11T11:55:58Z" finished-at="2020-03-11T11:55:58Z">
          <reporter-output>
          </reporter-output>
        </test-method> <!-- ValidatShippingCartsTest -->
        <test-method status="SKIP" signature="ExitPath()[pri:0, instance:com.shopcart.qa.testcases.TC_E_CustomerPageTest@6f7fd0e6]" name="ExitPath" is-config="true" duration-ms="0" started-at="2020-03-11T11:55:58Z" finished-at="2020-03-11T11:55:58Z">
          <reporter-output>
          </reporter-output>
        </test-method> <!-- ExitPath -->
        <test-method status="SKIP" signature="ValidatCustomerServicesTest()[pri:0, instance:com.shopcart.qa.testcases.TC_E_CustomerPageTest@6f7fd0e6]" name="ValidatCustomerServicesTest" duration-ms="2" started-at="2020-03-11T11:55:58Z" finished-at="2020-03-11T11:55:58Z">
          <reporter-output>
          </reporter-output>
        </test-method> <!-- ValidatCustomerServicesTest -->
        <test-method status="SKIP" signature="setUp()[pri:0, instance:com.shopcart.qa.testcases.TC_E_CustomerPageTest@6f7fd0e6]" name="setUp" is-config="true" duration-ms="0" started-at="2020-03-11T11:55:58Z" finished-at="2020-03-11T11:55:58Z">
          <reporter-output>
          </reporter-output>
        </test-method> <!-- setUp -->
        <test-method status="SKIP" signature="ExitPath()[pri:0, instance:com.shopcart.qa.testcases.TC_E_CustomerPageTest@6f7fd0e6]" name="ExitPath" is-config="true" duration-ms="0" started-at="2020-03-11T11:55:58Z" finished-at="2020-03-11T11:55:58Z">
          <reporter-output>
          </reporter-output>
        </test-method> <!-- ExitPath -->
        <test-method status="SKIP" signature="setUp()[pri:0, instance:com.shopcart.qa.testcases.TC_E_CustomerPageTest@6f7fd0e6]" name="setUp" is-config="true" duration-ms="0" started-at="2020-03-11T11:55:58Z" finished-at="2020-03-11T11:55:58Z">
          <reporter-output>
          </reporter-output>
        </test-method> <!-- setUp -->
        <test-method status="SKIP" signature="ValidatContactsTest()[pri:0, instance:com.shopcart.qa.testcases.TC_E_CustomerPageTest@6f7fd0e6]" name="ValidatContactsTest" duration-ms="0" started-at="2020-03-11T11:55:58Z" finished-at="2020-03-11T11:55:58Z">
          <reporter-output>
          </reporter-output>
        </test-method> <!-- ValidatContactsTest -->
        <test-method status="SKIP" signature="ExitPath()[pri:0, instance:com.shopcart.qa.testcases.TC_E_CustomerPageTest@6f7fd0e6]" name="ExitPath" is-config="true" duration-ms="0" started-at="2020-03-11T11:55:58Z" finished-at="2020-03-11T11:55:58Z">
          <reporter-output>
          </reporter-output>
        </test-method> <!-- ExitPath -->
        <test-method status="SKIP" signature="setUp()[pri:0, instance:com.shopcart.qa.testcases.TC_E_CustomerPageTest@6f7fd0e6]" name="setUp" is-config="true" duration-ms="0" started-at="2020-03-11T11:55:58Z" finished-at="2020-03-11T11:55:58Z">
          <reporter-output>
          </reporter-output>
        </test-method> <!-- setUp -->
        <test-method status="SKIP" signature="validatTittlesTest()[pri:0, instance:com.shopcart.qa.testcases.TC_E_CustomerPageTest@6f7fd0e6]" name="validatTittlesTest" duration-ms="1" started-at="2020-03-11T11:55:58Z" finished-at="2020-03-11T11:55:58Z">
          <reporter-output>
          </reporter-output>
        </test-method> <!-- validatTittlesTest -->
        <test-method status="SKIP" signature="ExitPath()[pri:0, instance:com.shopcart.qa.testcases.TC_E_CustomerPageTest@6f7fd0e6]" name="ExitPath" is-config="true" duration-ms="0" started-at="2020-03-11T11:55:58Z" finished-at="2020-03-11T11:55:58Z">
          <reporter-output>
          </reporter-output>
        </test-method> <!-- ExitPath -->
      </class> <!-- com.shopcart.qa.testcases.TC_E_CustomerPageTest -->
      <class name="com.shopcart.qa.testcases.TC_A_LoginPageTest">
        <test-method status="PASS" signature="setUp()[pri:0, instance:com.shopcart.qa.testcases.TC_A_LoginPageTest@59fa1d9b]" name="setUp" is-config="true" duration-ms="55279" started-at="2020-03-11T11:48:24Z" finished-at="2020-03-11T11:49:19Z">
          <reporter-output>
          </reporter-output>
        </test-method> <!-- setUp -->
        <test-method status="PASS" signature="loginTest()[pri:0, instance:com.shopcart.qa.testcases.TC_A_LoginPageTest@59fa1d9b]" name="loginTest" duration-ms="1649" started-at="2020-03-11T11:49:19Z" finished-at="2020-03-11T11:49:21Z">
          <reporter-output>
          </reporter-output>
        </test-method> <!-- loginTest -->
        <test-method status="PASS" signature="tearDown()[pri:0, instance:com.shopcart.qa.testcases.TC_A_LoginPageTest@59fa1d9b]" name="tearDown" is-config="true" duration-ms="2079" started-at="2020-03-11T11:49:21Z" finished-at="2020-03-11T11:49:23Z">
          <reporter-output>
          </reporter-output>
        </test-method> <!-- tearDown -->
        <test-method status="PASS" signature="setUp()[pri:0, instance:com.shopcart.qa.testcases.TC_A_LoginPageTest@59fa1d9b]" name="setUp" is-config="true" duration-ms="14490" started-at="2020-03-11T11:53:24Z" finished-at="2020-03-11T11:53:38Z">
          <reporter-output>
          </reporter-output>
        </test-method> <!-- setUp -->
        <test-method status="PASS" signature="loginPageTitleTest()[pri:0, instance:com.shopcart.qa.testcases.TC_A_LoginPageTest@59fa1d9b]" name="loginPageTitleTest" duration-ms="9" started-at="2020-03-11T11:53:38Z" finished-at="2020-03-11T11:53:38Z">
          <reporter-output>
          </reporter-output>
        </test-method> <!-- loginPageTitleTest -->
        <test-method status="PASS" signature="tearDown()[pri:0, instance:com.shopcart.qa.testcases.TC_A_LoginPageTest@59fa1d9b]" name="tearDown" is-config="true" duration-ms="560" started-at="2020-03-11T11:53:38Z" finished-at="2020-03-11T11:53:39Z">
          <reporter-output>
          </reporter-output>
        </test-method> <!-- tearDown -->
        <test-method status="FAIL" signature="setUp()[pri:0, instance:com.shopcart.qa.testcases.TC_A_LoginPageTest@59fa1d9b]" name="setUp" is-config="true" duration-ms="0" started-at="2020-03-11T11:54:48Z" finished-at="2020-03-11T11:54:48Z">
          <exception class="org.openqa.selenium.NoSuchWindowException">
            <message>
              <![CDATA[no such window: target window already closed
from unknown error: web view not found
  (Session info: chrome=80.0.3987.132)
Build info: version: '3.141.59', revision: 'e82be7d358', time: '2018-11-14T08:17:03'
System info: host: 'LAPTOP-5E3MODR9', ip: '192.168.0.103', os.name: 'Windows 10', os.arch: 'amd64', os.version: '10.0', java.version: '1.8.0_152'
Driver info: org.openqa.selenium.chrome.ChromeDriver
Capabilities {acceptInsecureCerts: false, browserName: chrome, browserVersion: 80.0.3987.132, chrome: {chromedriverVersion: 79.0.3945.36 (3582db32b3389..., userDataDir: C:\Users\BS146TU\AppData\Lo...}, goog:chromeOptions: {debuggerAddress: localhost:54602}, javascriptEnabled: true, networkConnectionEnabled: false, pageLoadStrategy: normal, platform: WINDOWS, platformName: WINDOWS, proxy: Proxy(), setWindowRect: true, strictFileInteractability: false, timeouts: {implicit: 0, pageLoad: 300000, script: 30000}, unhandledPromptBehavior: dismiss and notify}
Session ID: e78d0fabc298e47500e1fd92ccc98a11]]>
            </message>
            <full-stacktrace>
              <![CDATA[org.openqa.selenium.NoSuchWindowException: no such window: target window already closed
from unknown error: web view not found
  (Session info: chrome=80.0.3987.132)
Build info: version: '3.141.59', revision: 'e82be7d358', time: '2018-11-14T08:17:03'
System info: host: 'LAPTOP-5E3MODR9', ip: '192.168.0.103', os.name: 'Windows 10', os.arch: 'amd64', os.version: '10.0', java.version: '1.8.0_152'
Driver info: org.openqa.selenium.chrome.ChromeDriver
Capabilities {acceptInsecureCerts: false, browserName: chrome, browserVersion: 80.0.3987.132, chrome: {chromedriverVersion: 79.0.3945.36 (3582db32b3389..., userDataDir: C:\Users\BS146TU\AppData\Lo...}, goog:chromeOptions: {debuggerAddress: localhost:54602}, javascriptEnabled: true, networkConnectionEnabled: false, pageLoadStrategy: normal, platform: WINDOWS, platformName: WINDOWS, proxy: Proxy(), setWindowRect: true, strictFileInteractability: false, timeouts: {implicit: 0, pageLoad: 300000, script: 30000}, unhandledPromptBehavior: dismiss and notify}
Session ID: e78d0fabc298e47500e1fd92ccc98a11
	at sun.reflect.NativeConstructorAccessorImpl.newInstance0(Native Method)
	at sun.reflect.NativeConstructorAccessorImpl.newInstance(NativeConstructorAccessorImpl.java:62)
	at sun.reflect.DelegatingConstructorAccessorImpl.newInstance(DelegatingConstructorAccessorImpl.java:45)
	at java.lang.reflect.Constructor.newInstance(Constructor.java:423)
	at org.openqa.selenium.remote.http.W3CHttpResponseCodec.createException(W3CHttpResponseCodec.java:187)
	at org.openqa.selenium.remote.http.W3CHttpResponseCodec.decode(W3CHttpResponseCodec.java:122)
	at org.openqa.selenium.remote.http.W3CHttpResponseCodec.decode(W3CHttpResponseCodec.java:49)
	at org.openqa.selenium.remote.HttpCommandExecutor.execute(HttpCommandExecutor.java:158)
	at org.openqa.selenium.remote.service.DriverCommandExecutor.execute(DriverCommandExecutor.java:83)
	at org.openqa.selenium.remote.RemoteWebDriver.execute(RemoteWebDriver.java:552)
	at org.openqa.selenium.remote.RemoteWebDriver.execute(RemoteWebDriver.java:609)
	at org.openqa.selenium.remote.RemoteWebDriver$RemoteWebDriverOptions$RemoteWindow.maximize(RemoteWebDriver.java:837)
	at com.shopcart.qa.base.TestBase.initialization(TestBase.java:48)
	at com.shopcart.qa.testcases.TC_A_LoginPageTest.setUp(TC_A_LoginPageTest.java:22)
	at sun.reflect.NativeMethodAccessorImpl.invoke0(Native Method)
	at sun.reflect.NativeMethodAccessorImpl.invoke(NativeMethodAccessorImpl.java:62)
	at sun.reflect.DelegatingMethodAccessorImpl.invoke(DelegatingMethodAccessorImpl.java:43)
	at java.lang.reflect.Method.invoke(Method.java:498)
	at org.testng.internal.MethodInvocationHelper.invokeMethod(MethodInvocationHelper.java:80)
	at org.testng.internal.Invoker.invokeConfigurationMethod(Invoker.java:564)
	at org.testng.internal.Invoker.invokeConfigurations(Invoker.java:213)
	at org.testng.internal.Invoker.invokeMethod(Invoker.java:653)
	at org.testng.internal.Invoker.invokeTestMethod(Invoker.java:901)
	at org.testng.internal.Invoker.invokeTestMethods(Invoker.java:1231)
	at org.testng.internal.TestMethodWorker.invokeTestMethods(TestMethodWorker.java:127)
	at org.testng.internal.TestMethodWorker.run(TestMethodWorker.java:111)
	at org.testng.TestRunner.privateRun(TestRunner.java:767)
	at org.testng.TestRunner.run(TestRunner.java:617)
	at org.testng.SuiteRunner.runTest(SuiteRunner.java:334)
	at org.testng.SuiteRunner.runSequentially(SuiteRunner.java:329)
	at org.testng.SuiteRunner.privateRun(SuiteRunner.java:291)
	at org.testng.SuiteRunner.run(SuiteRunner.java:240)
	at org.testng.SuiteRunnerWorker.runSuite(SuiteRunnerWorker.java:52)
	at org.testng.SuiteRunnerWorker.run(SuiteRunnerWorker.java:86)
	at org.testng.TestNG.runSuitesSequentially(TestNG.java:1198)
	at org.testng.TestNG.runSuitesLocally(TestNG.java:1123)
	at org.testng.TestNG.run(TestNG.java:1031)
	at org.apache.maven.surefire.testng.TestNGExecutor.run(TestNGExecutor.java:77)
	at org.apache.maven.surefire.testng.TestNGDirectoryTestSuite.executeMulti(TestNGDirectoryTestSuite.java:159)
	at org.apache.maven.surefire.testng.TestNGDirectoryTestSuite.execute(TestNGDirectoryTestSuite.java:99)
	at org.apache.maven.surefire.testng.TestNGProvider.invoke(TestNGProvider.java:106)
	at sun.reflect.NativeMethodAccessorImpl.invoke0(Native Method)
	at sun.reflect.NativeMethodAccessorImpl.invoke(NativeMethodAccessorImpl.java:62)
	at sun.reflect.DelegatingMethodAccessorImpl.invoke(DelegatingMethodAccessorImpl.java:43)
	at java.lang.reflect.Method.invoke(Method.java:498)
	at org.apache.maven.surefire.util.ReflectionUtils.invokeMethodWithArray(ReflectionUtils.java:189)
	at org.apache.maven.surefire.booter.ProviderFactory$ProviderProxy.invoke(ProviderFactory.java:165)
	at org.apache.maven.surefire.booter.ProviderFactory.invokeProvider(ProviderFactory.java:85)
	at org.apache.maven.surefire.booter.ForkedBooter.runSuitesInProcess(ForkedBooter.java:115)
	at org.apache.maven.surefire.booter.ForkedBooter.main(ForkedBooter.java:75)
]]>
            </full-stacktrace>
          </exception> <!-- org.openqa.selenium.NoSuchWindowException -->
          <reporter-output>
          </reporter-output>
        </test-method> <!-- setUp -->
        <test-method status="SKIP" signature="ShoplogoImg()[pri:0, instance:com.shopcart.qa.testcases.TC_A_LoginPageTest@59fa1d9b]" name="ShoplogoImg" duration-ms="1" started-at="2020-03-11T11:55:00Z" finished-at="2020-03-11T11:55:00Z">
          <reporter-output>
          </reporter-output>
        </test-method> <!-- ShoplogoImg -->
        <test-method status="SKIP" signature="tearDown()[pri:0, instance:com.shopcart.qa.testcases.TC_A_LoginPageTest@59fa1d9b]" name="tearDown" is-config="true" duration-ms="0" started-at="2020-03-11T11:55:00Z" finished-at="2020-03-11T11:55:00Z">
          <reporter-output>
          </reporter-output>
        </test-method> <!-- tearDown -->
        <test-method status="SKIP" signature="setUp()[pri:0, instance:com.shopcart.qa.testcases.TC_A_LoginPageTest@59fa1d9b]" name="setUp" is-config="true" duration-ms="0" started-at="2020-03-11T11:55:38Z" finished-at="2020-03-11T11:55:38Z">
          <reporter-output>
          </reporter-output>
        </test-method> <!-- setUp -->
        <test-method status="SKIP" signature="ShopVersionTest()[pri:0, instance:com.shopcart.qa.testcases.TC_A_LoginPageTest@59fa1d9b]" name="ShopVersionTest" duration-ms="1" started-at="2020-03-11T11:55:38Z" finished-at="2020-03-11T11:55:38Z">
          <reporter-output>
          </reporter-output>
        </test-method> <!-- ShopVersionTest -->
        <test-method status="SKIP" signature="tearDown()[pri:0, instance:com.shopcart.qa.testcases.TC_A_LoginPageTest@59fa1d9b]" name="tearDown" is-config="true" duration-ms="0" started-at="2020-03-11T11:55:38Z" finished-at="2020-03-11T11:55:38Z">
          <reporter-output>
          </reporter-output>
        </test-method> <!-- tearDown -->
        <test-method status="SKIP" signature="ShopcartImgTest()[pri:0, instance:com.shopcart.qa.testcases.TC_A_LoginPageTest@59fa1d9b]" name="ShopcartImgTest" duration-ms="1" started-at="2020-03-11T11:55:58Z" finished-at="2020-03-11T11:55:58Z">
          <reporter-output>
          </reporter-output>
        </test-method> <!-- ShopcartImgTest -->
        <test-method status="SKIP" signature="setUp()[pri:0, instance:com.shopcart.qa.testcases.TC_A_LoginPageTest@59fa1d9b]" name="setUp" is-config="true" duration-ms="0" started-at="2020-03-11T11:55:58Z" finished-at="2020-03-11T11:55:58Z">
          <reporter-output>
          </reporter-output>
        </test-method> <!-- setUp -->
        <test-method status="SKIP" signature="tearDown()[pri:0, instance:com.shopcart.qa.testcases.TC_A_LoginPageTest@59fa1d9b]" name="tearDown" is-config="true" duration-ms="0" started-at="2020-03-11T11:55:58Z" finished-at="2020-03-11T11:55:58Z">
          <reporter-output>
          </reporter-output>
        </test-method> <!-- tearDown -->
        <test-method status="SKIP" signature="setUp()[pri:0, instance:com.shopcart.qa.testcases.TC_A_LoginPageTest@59fa1d9b]" name="setUp" is-config="true" duration-ms="0" started-at="2020-03-11T11:55:58Z" finished-at="2020-03-11T11:55:58Z">
          <reporter-output>
          </reporter-output>
        </test-method> <!-- setUp -->
        <test-method status="SKIP" signature="HomePage()[pri:0, instance:com.shopcart.qa.testcases.TC_A_LoginPageTest@59fa1d9b]" name="HomePage" duration-ms="1" started-at="2020-03-11T11:55:58Z" finished-at="2020-03-11T11:55:58Z">
          <reporter-output>
          </reporter-output>
        </test-method> <!-- HomePage -->
        <test-method status="SKIP" signature="tearDown()[pri:0, instance:com.shopcart.qa.testcases.TC_A_LoginPageTest@59fa1d9b]" name="tearDown" is-config="true" duration-ms="0" started-at="2020-03-11T11:55:58Z" finished-at="2020-03-11T11:55:58Z">
          <reporter-output>
          </reporter-output>
        </test-method> <!-- tearDown -->
      </class> <!-- com.shopcart.qa.testcases.TC_A_LoginPageTest -->
      <class name="com.shopcart.qa.testcases.TC_D_OrdersPageTest">
        <test-method status="PASS" signature="setUp()[pri:0, instance:com.shopcart.qa.testcases.TC_D_OrdersPageTest@3e6fa38a]" name="setUp" is-config="true" duration-ms="15627" started-at="2020-03-11T11:49:44Z" finished-at="2020-03-11T11:50:00Z">
          <reporter-output>
          </reporter-output>
        </test-method> <!-- setUp -->
        <test-method status="PASS" signature="validateOrders()[pri:0, instance:com.shopcart.qa.testcases.TC_D_OrdersPageTest@3e6fa38a]" name="validateOrders" duration-ms="14663" started-at="2020-03-11T11:50:00Z" finished-at="2020-03-11T11:50:14Z">
          <reporter-output>
          </reporter-output>
        </test-method> <!-- validateOrders -->
        <test-method status="PASS" signature="tearDown()[pri:0, instance:com.shopcart.qa.testcases.TC_D_OrdersPageTest@3e6fa38a]" name="tearDown" is-config="true" duration-ms="2799" started-at="2020-03-11T11:50:14Z" finished-at="2020-03-11T11:50:17Z">
          <reporter-output>
          </reporter-output>
        </test-method> <!-- tearDown -->
        <test-method status="PASS" signature="setUp()[pri:0, instance:com.shopcart.qa.testcases.TC_D_OrdersPageTest@3e6fa38a]" name="setUp" is-config="true" duration-ms="15955" started-at="2020-03-11T11:54:11Z" finished-at="2020-03-11T11:54:27Z">
          <reporter-output>
          </reporter-output>
        </test-method> <!-- setUp -->
        <test-method status="FAIL" signature="validateInvoice()[pri:0, instance:com.shopcart.qa.testcases.TC_D_OrdersPageTest@3e6fa38a]" name="validateInvoice" duration-ms="9251" started-at="2020-03-11T11:54:27Z" finished-at="2020-03-11T11:54:36Z">
          <exception class="org.openqa.selenium.json.JsonException">
            <message>
              <![CDATA[java.lang.reflect.InvocationTargetException
Build info: version: '3.141.59', revision: 'e82be7d358', time: '2018-11-14T08:17:03'
System info: host: 'LAPTOP-5E3MODR9', ip: '192.168.0.103', os.name: 'Windows 10', os.arch: 'amd64', os.version: '10.0', java.version: '1.8.0_152'
Driver info: driver.version: RemoteWebDriver]]>
            </message>
            <full-stacktrace>
              <![CDATA[org.openqa.selenium.json.JsonException: java.lang.reflect.InvocationTargetException
Build info: version: '3.141.59', revision: 'e82be7d358', time: '2018-11-14T08:17:03'
System info: host: 'LAPTOP-5E3MODR9', ip: '192.168.0.103', os.name: 'Windows 10', os.arch: 'amd64', os.version: '10.0', java.version: '1.8.0_152'
Driver info: driver.version: RemoteWebDriver
	at org.openqa.selenium.json.JsonOutput.convertUsingMethod(JsonOutput.java:332)
	at org.openqa.selenium.json.JsonOutput.lambda$new$16(JsonOutput.java:155)
	at org.openqa.selenium.json.JsonOutput.write(JsonOutput.java:264)
	at org.openqa.selenium.json.JsonOutput.lambda$null$21(JsonOutput.java:168)
	at java.util.LinkedHashMap$LinkedValues.forEach(LinkedHashMap.java:608)
	at org.openqa.selenium.json.JsonOutput.lambda$new$22(JsonOutput.java:168)
	at org.openqa.selenium.json.JsonOutput.write(JsonOutput.java:264)
	at org.openqa.selenium.json.JsonOutput.lambda$null$23(JsonOutput.java:177)
	at com.google.common.collect.SingletonImmutableBiMap.forEach(SingletonImmutableBiMap.java:65)
	at org.openqa.selenium.json.JsonOutput.lambda$new$24(JsonOutput.java:176)
	at org.openqa.selenium.json.JsonOutput.write(JsonOutput.java:264)
	at org.openqa.selenium.json.JsonOutput.write(JsonOutput.java:255)
	at org.openqa.selenium.json.Json.toJson(Json.java:42)
	at org.openqa.selenium.remote.http.AbstractHttpCommandCodec.encode(AbstractHttpCommandCodec.java:227)
	at org.openqa.selenium.remote.http.AbstractHttpCommandCodec.encode(AbstractHttpCommandCodec.java:117)
	at org.openqa.selenium.remote.HttpCommandExecutor.execute(HttpCommandExecutor.java:152)
	at org.openqa.selenium.remote.service.DriverCommandExecutor.execute(DriverCommandExecutor.java:83)
	at org.openqa.selenium.remote.RemoteWebDriver.execute(RemoteWebDriver.java:552)
	at org.openqa.selenium.remote.RemoteWebDriver.perform(RemoteWebDriver.java:618)
	at org.openqa.selenium.interactions.Actions$BuiltAction.perform(Actions.java:639)
	at com.shopcart.qa.util.TestUtil.actions(TestUtil.java:21)
	at com.shopcart.qa.pages.OrdersPage.verifyInvoice(OrdersPage.java:26)
	at com.shopcart.qa.testcases.TC_D_OrdersPageTest.validateInvoice(TC_D_OrdersPageTest.java:35)
	at sun.reflect.NativeMethodAccessorImpl.invoke0(Native Method)
	at sun.reflect.NativeMethodAccessorImpl.invoke(NativeMethodAccessorImpl.java:62)
	at sun.reflect.DelegatingMethodAccessorImpl.invoke(DelegatingMethodAccessorImpl.java:43)
	at java.lang.reflect.Method.invoke(Method.java:498)
	at org.testng.internal.MethodInvocationHelper.invokeMethod(MethodInvocationHelper.java:80)
	at org.testng.internal.Invoker.invokeMethod(Invoker.java:714)
	at org.testng.internal.Invoker.invokeTestMethod(Invoker.java:901)
	at org.testng.internal.Invoker.invokeTestMethods(Invoker.java:1231)
	at org.testng.internal.TestMethodWorker.invokeTestMethods(TestMethodWorker.java:127)
	at org.testng.internal.TestMethodWorker.run(TestMethodWorker.java:111)
	at org.testng.TestRunner.privateRun(TestRunner.java:767)
	at org.testng.TestRunner.run(TestRunner.java:617)
	at org.testng.SuiteRunner.runTest(SuiteRunner.java:334)
	at org.testng.SuiteRunner.runSequentially(SuiteRunner.java:329)
	at org.testng.SuiteRunner.privateRun(SuiteRunner.java:291)
	at org.testng.SuiteRunner.run(SuiteRunner.java:240)
	at org.testng.SuiteRunnerWorker.runSuite(SuiteRunnerWorker.java:52)
	at org.testng.SuiteRunnerWorker.run(SuiteRunnerWorker.java:86)
	at org.testng.TestNG.runSuitesSequentially(TestNG.java:1198)
	at org.testng.TestNG.runSuitesLocally(TestNG.java:1123)
	at org.testng.TestNG.run(TestNG.java:1031)
	at org.apache.maven.surefire.testng.TestNGExecutor.run(TestNGExecutor.java:77)
	at org.apache.maven.surefire.testng.TestNGDirectoryTestSuite.executeMulti(TestNGDirectoryTestSuite.java:159)
	at org.apache.maven.surefire.testng.TestNGDirectoryTestSuite.execute(TestNGDirectoryTestSuite.java:99)
	at org.apache.maven.surefire.testng.TestNGProvider.invoke(TestNGProvider.java:106)
	at sun.reflect.NativeMethodAccessorImpl.invoke0(Native Method)
	at sun.reflect.NativeMethodAccessorImpl.invoke(NativeMethodAccessorImpl.java:62)
	at sun.reflect.DelegatingMethodAccessorImpl.invoke(DelegatingMethodAccessorImpl.java:43)
	at java.lang.reflect.Method.invoke(Method.java:498)
	at org.apache.maven.surefire.util.ReflectionUtils.invokeMethodWithArray(ReflectionUtils.java:189)
	at org.apache.maven.surefire.booter.ProviderFactory$ProviderProxy.invoke(ProviderFactory.java:165)
	at org.apache.maven.surefire.booter.ProviderFactory.invokeProvider(ProviderFactory.java:85)
	at org.apache.maven.surefire.booter.ForkedBooter.runSuitesInProcess(ForkedBooter.java:115)
	at org.apache.maven.surefire.booter.ForkedBooter.main(ForkedBooter.java:75)
	Suppressed: org.openqa.selenium.json.JsonException: Attempting to close incomplete json stream
Build info: version: '3.141.59', revision: 'e82be7d358', time: '2018-11-14T08:17:03'
System info: host: 'LAPTOP-5E3MODR9', ip: '192.168.0.103', os.name: 'Windows 10', os.arch: 'amd64', os.version: '10.0', java.version: '1.8.0_152'
Driver info: driver.version: RemoteWebDriver
		at org.openqa.selenium.json.JsonOutput.close(JsonOutput.java:279)
		at org.openqa.selenium.json.Json.toJson(Json.java:44)
		... 44 more
Caused by: java.lang.reflect.InvocationTargetException
	at sun.reflect.NativeMethodAccessorImpl.invoke0(Native Method)
	at sun.reflect.NativeMethodAccessorImpl.invoke(NativeMethodAccessorImpl.java:62)
	at sun.reflect.DelegatingMethodAccessorImpl.invoke(DelegatingMethodAccessorImpl.java:43)
	at java.lang.reflect.Method.invoke(Method.java:498)
	at org.openqa.selenium.json.JsonOutput.convertUsingMethod(JsonOutput.java:328)
	... 56 more
Caused by: org.openqa.selenium.NoSuchElementException: Cannot locate an element using xpath=//*[@id='maintab-AdminParentOrders']/a/span
For documentation on this error, please visit: https://www.seleniumhq.org/exceptions/no_such_element.html
Build info: version: '3.141.59', revision: 'e82be7d358', time: '2018-11-14T08:17:03'
System info: host: 'LAPTOP-5E3MODR9', ip: '192.168.0.103', os.name: 'Windows 10', os.arch: 'amd64', os.version: '10.0', java.version: '1.8.0_152'
Driver info: driver.version: RemoteWebDriver
	at org.openqa.selenium.remote.RemoteWebDriver.findElement(RemoteWebDriver.java:327)
	at org.openqa.selenium.remote.RemoteWebDriver.findElementByXPath(RemoteWebDriver.java:428)
	at org.openqa.selenium.By$ByXPath.findElement(By.java:353)
	at org.openqa.selenium.remote.RemoteWebDriver.findElement(RemoteWebDriver.java:315)
	at org.openqa.selenium.support.pagefactory.DefaultElementLocator.findElement(DefaultElementLocator.java:69)
	at org.openqa.selenium.support.pagefactory.internal.LocatingElementHandler.invoke(LocatingElementHandler.java:38)
	at com.sun.proxy.$Proxy8.getWrappedElement(Unknown Source)
	at org.openqa.selenium.interactions.PointerInput$Origin.asArg(PointerInput.java:204)
	at org.openqa.selenium.interactions.PointerInput$Move.encode(PointerInput.java:155)
	at org.openqa.selenium.interactions.Sequence.encode(Sequence.java:75)
	at org.openqa.selenium.interactions.Sequence.toJson(Sequence.java:84)
	... 61 more
]]>
            </full-stacktrace>
          </exception> <!-- org.openqa.selenium.json.JsonException -->
          <reporter-output>
          </reporter-output>
        </test-method> <!-- validateInvoice -->
        <test-method status="FAIL" signature="tearDown()[pri:0, instance:com.shopcart.qa.testcases.TC_D_OrdersPageTest@3e6fa38a]" name="tearDown" is-config="true" duration-ms="0" started-at="2020-03-11T11:54:36Z" finished-at="2020-03-11T11:54:36Z">
          <exception class="org.openqa.selenium.WebDriverException">
            <message>
              <![CDATA[chrome not reachable
  (Session info: chrome=80.0.3987.132)
Build info: version: '3.141.59', revision: 'e82be7d358', time: '2018-11-14T08:17:03'
System info: host: 'LAPTOP-5E3MODR9', ip: '192.168.0.103', os.name: 'Windows 10', os.arch: 'amd64', os.version: '10.0', java.version: '1.8.0_152'
Driver info: org.openqa.selenium.chrome.ChromeDriver
Capabilities {acceptInsecureCerts: false, browserName: chrome, browserVersion: 80.0.3987.132, chrome: {chromedriverVersion: 79.0.3945.36 (3582db32b3389..., userDataDir: C:\Users\BS146TU\AppData\Lo...}, goog:chromeOptions: {debuggerAddress: localhost:54522}, javascriptEnabled: true, networkConnectionEnabled: false, pageLoadStrategy: normal, platform: WINDOWS, platformName: WINDOWS, proxy: Proxy(), setWindowRect: true, strictFileInteractability: false, timeouts: {implicit: 0, pageLoad: 300000, script: 30000}, unhandledPromptBehavior: dismiss and notify}
Session ID: 0c9944acd752bf7e6364a66d9d5b9299]]>
            </message>
            <full-stacktrace>
              <![CDATA[org.openqa.selenium.WebDriverException: chrome not reachable
  (Session info: chrome=80.0.3987.132)
Build info: version: '3.141.59', revision: 'e82be7d358', time: '2018-11-14T08:17:03'
System info: host: 'LAPTOP-5E3MODR9', ip: '192.168.0.103', os.name: 'Windows 10', os.arch: 'amd64', os.version: '10.0', java.version: '1.8.0_152'
Driver info: org.openqa.selenium.chrome.ChromeDriver
Capabilities {acceptInsecureCerts: false, browserName: chrome, browserVersion: 80.0.3987.132, chrome: {chromedriverVersion: 79.0.3945.36 (3582db32b3389..., userDataDir: C:\Users\BS146TU\AppData\Lo...}, goog:chromeOptions: {debuggerAddress: localhost:54522}, javascriptEnabled: true, networkConnectionEnabled: false, pageLoadStrategy: normal, platform: WINDOWS, platformName: WINDOWS, proxy: Proxy(), setWindowRect: true, strictFileInteractability: false, timeouts: {implicit: 0, pageLoad: 300000, script: 30000}, unhandledPromptBehavior: dismiss and notify}
Session ID: 0c9944acd752bf7e6364a66d9d5b9299
	at sun.reflect.NativeConstructorAccessorImpl.newInstance0(Native Method)
	at sun.reflect.NativeConstructorAccessorImpl.newInstance(NativeConstructorAccessorImpl.java:62)
	at sun.reflect.DelegatingConstructorAccessorImpl.newInstance(DelegatingConstructorAccessorImpl.java:45)
	at java.lang.reflect.Constructor.newInstance(Constructor.java:423)
	at org.openqa.selenium.remote.http.W3CHttpResponseCodec.createException(W3CHttpResponseCodec.java:187)
	at org.openqa.selenium.remote.http.W3CHttpResponseCodec.decode(W3CHttpResponseCodec.java:122)
	at org.openqa.selenium.remote.http.W3CHttpResponseCodec.decode(W3CHttpResponseCodec.java:49)
	at org.openqa.selenium.remote.HttpCommandExecutor.execute(HttpCommandExecutor.java:158)
	at org.openqa.selenium.remote.service.DriverCommandExecutor.execute(DriverCommandExecutor.java:83)
	at org.openqa.selenium.remote.RemoteWebDriver.execute(RemoteWebDriver.java:552)
	at org.openqa.selenium.remote.RemoteWebDriver.execute(RemoteWebDriver.java:609)
	at org.openqa.selenium.remote.RemoteWebDriver.close(RemoteWebDriver.java:442)
	at com.shopcart.qa.testcases.TC_D_OrdersPageTest.tearDown(TC_D_OrdersPageTest.java:66)
	at sun.reflect.NativeMethodAccessorImpl.invoke0(Native Method)
	at sun.reflect.NativeMethodAccessorImpl.invoke(NativeMethodAccessorImpl.java:62)
	at sun.reflect.DelegatingMethodAccessorImpl.invoke(DelegatingMethodAccessorImpl.java:43)
	at java.lang.reflect.Method.invoke(Method.java:498)
	at org.testng.internal.MethodInvocationHelper.invokeMethod(MethodInvocationHelper.java:80)
	at org.testng.internal.Invoker.invokeConfigurationMethod(Invoker.java:564)
	at org.testng.internal.Invoker.invokeConfigurations(Invoker.java:213)
	at org.testng.internal.Invoker.invokeMethod(Invoker.java:786)
	at org.testng.internal.Invoker.invokeTestMethod(Invoker.java:901)
	at org.testng.internal.Invoker.invokeTestMethods(Invoker.java:1231)
	at org.testng.internal.TestMethodWorker.invokeTestMethods(TestMethodWorker.java:127)
	at org.testng.internal.TestMethodWorker.run(TestMethodWorker.java:111)
	at org.testng.TestRunner.privateRun(TestRunner.java:767)
	at org.testng.TestRunner.run(TestRunner.java:617)
	at org.testng.SuiteRunner.runTest(SuiteRunner.java:334)
	at org.testng.SuiteRunner.runSequentially(SuiteRunner.java:329)
	at org.testng.SuiteRunner.privateRun(SuiteRunner.java:291)
	at org.testng.SuiteRunner.run(SuiteRunner.java:240)
	at org.testng.SuiteRunnerWorker.runSuite(SuiteRunnerWorker.java:52)
	at org.testng.SuiteRunnerWorker.run(SuiteRunnerWorker.java:86)
	at org.testng.TestNG.runSuitesSequentially(TestNG.java:1198)
	at org.testng.TestNG.runSuitesLocally(TestNG.java:1123)
	at org.testng.TestNG.run(TestNG.java:1031)
	at org.apache.maven.surefire.testng.TestNGExecutor.run(TestNGExecutor.java:77)
	at org.apache.maven.surefire.testng.TestNGDirectoryTestSuite.executeMulti(TestNGDirectoryTestSuite.java:159)
	at org.apache.maven.surefire.testng.TestNGDirectoryTestSuite.execute(TestNGDirectoryTestSuite.java:99)
	at org.apache.maven.surefire.testng.TestNGProvider.invoke(TestNGProvider.java:106)
	at sun.reflect.NativeMethodAccessorImpl.invoke0(Native Method)
	at sun.reflect.NativeMethodAccessorImpl.invoke(NativeMethodAccessorImpl.java:62)
	at sun.reflect.DelegatingMethodAccessorImpl.invoke(DelegatingMethodAccessorImpl.java:43)
	at java.lang.reflect.Method.invoke(Method.java:498)
	at org.apache.maven.surefire.util.ReflectionUtils.invokeMethodWithArray(ReflectionUtils.java:189)
	at org.apache.maven.surefire.booter.ProviderFactory$ProviderProxy.invoke(ProviderFactory.java:165)
	at org.apache.maven.surefire.booter.ProviderFactory.invokeProvider(ProviderFactory.java:85)
	at org.apache.maven.surefire.booter.ForkedBooter.runSuitesInProcess(ForkedBooter.java:115)
	at org.apache.maven.surefire.booter.ForkedBooter.main(ForkedBooter.java:75)
]]>
            </full-stacktrace>
          </exception> <!-- org.openqa.selenium.WebDriverException -->
          <reporter-output>
          </reporter-output>
        </test-method> <!-- tearDown -->
        <test-method status="SKIP" signature="setUp()[pri:0, instance:com.shopcart.qa.testcases.TC_D_OrdersPageTest@3e6fa38a]" name="setUp" is-config="true" duration-ms="0" started-at="2020-03-11T11:55:38Z" finished-at="2020-03-11T11:55:38Z">
          <reporter-output>
          </reporter-output>
        </test-method> <!-- setUp -->
        <test-method status="SKIP" signature="validateMerchandise_Returns()[pri:0, instance:com.shopcart.qa.testcases.TC_D_OrdersPageTest@3e6fa38a]" name="validateMerchandise_Returns" duration-ms="1" started-at="2020-03-11T11:55:38Z" finished-at="2020-03-11T11:55:38Z">
          <reporter-output>
          </reporter-output>
        </test-method> <!-- validateMerchandise_Returns -->
        <test-method status="SKIP" signature="tearDown()[pri:0, instance:com.shopcart.qa.testcases.TC_D_OrdersPageTest@3e6fa38a]" name="tearDown" is-config="true" duration-ms="0" started-at="2020-03-11T11:55:38Z" finished-at="2020-03-11T11:55:38Z">
          <reporter-output>
          </reporter-output>
        </test-method> <!-- tearDown -->
        <test-method status="SKIP" signature="setUp()[pri:0, instance:com.shopcart.qa.testcases.TC_D_OrdersPageTest@3e6fa38a]" name="setUp" is-config="true" duration-ms="0" started-at="2020-03-11T11:55:58Z" finished-at="2020-03-11T11:55:58Z">
          <reporter-output>
          </reporter-output>
        </test-method> <!-- setUp -->
        <test-method status="SKIP" signature="validateDeliverySlips()[pri:0, instance:com.shopcart.qa.testcases.TC_D_OrdersPageTest@3e6fa38a]" name="validateDeliverySlips" duration-ms="1" started-at="2020-03-11T11:55:58Z" finished-at="2020-03-11T11:55:58Z">
          <reporter-output>
          </reporter-output>
        </test-method> <!-- validateDeliverySlips -->
        <test-method status="SKIP" signature="tearDown()[pri:0, instance:com.shopcart.qa.testcases.TC_D_OrdersPageTest@3e6fa38a]" name="tearDown" is-config="true" duration-ms="0" started-at="2020-03-11T11:55:58Z" finished-at="2020-03-11T11:55:58Z">
          <reporter-output>
          </reporter-output>
        </test-method> <!-- tearDown -->
        <test-method status="SKIP" signature="setUp()[pri:0, instance:com.shopcart.qa.testcases.TC_D_OrdersPageTest@3e6fa38a]" name="setUp" is-config="true" duration-ms="0" started-at="2020-03-11T11:55:58Z" finished-at="2020-03-11T11:55:58Z">
          <reporter-output>
          </reporter-output>
        </test-method> <!-- setUp -->
        <test-method status="SKIP" signature="validateCreditSlips()[pri:0, instance:com.shopcart.qa.testcases.TC_D_OrdersPageTest@3e6fa38a]" name="validateCreditSlips" duration-ms="0" started-at="2020-03-11T11:55:58Z" finished-at="2020-03-11T11:55:58Z">
          <reporter-output>
          </reporter-output>
        </test-method> <!-- validateCreditSlips -->
        <test-method status="SKIP" signature="tearDown()[pri:0, instance:com.shopcart.qa.testcases.TC_D_OrdersPageTest@3e6fa38a]" name="tearDown" is-config="true" duration-ms="0" started-at="2020-03-11T11:55:58Z" finished-at="2020-03-11T11:55:58Z">
          <reporter-output>
          </reporter-output>
        </test-method> <!-- tearDown -->
        <test-method status="SKIP" signature="validateStatuses()[pri:0, instance:com.shopcart.qa.testcases.TC_D_OrdersPageTest@3e6fa38a]" name="validateStatuses" duration-ms="0" started-at="2020-03-11T11:55:58Z" finished-at="2020-03-11T11:55:58Z">
          <reporter-output>
          </reporter-output>
        </test-method> <!-- validateStatuses -->
        <test-method status="SKIP" signature="setUp()[pri:0, instance:com.shopcart.qa.testcases.TC_D_OrdersPageTest@3e6fa38a]" name="setUp" is-config="true" duration-ms="0" started-at="2020-03-11T11:55:58Z" finished-at="2020-03-11T11:55:58Z">
          <reporter-output>
          </reporter-output>
        </test-method> <!-- setUp -->
        <test-method status="SKIP" signature="tearDown()[pri:0, instance:com.shopcart.qa.testcases.TC_D_OrdersPageTest@3e6fa38a]" name="tearDown" is-config="true" duration-ms="0" started-at="2020-03-11T11:55:58Z" finished-at="2020-03-11T11:55:58Z">
          <reporter-output>
          </reporter-output>
        </test-method> <!-- tearDown -->
        <test-method status="SKIP" signature="setUp()[pri:0, instance:com.shopcart.qa.testcases.TC_D_OrdersPageTest@3e6fa38a]" name="setUp" is-config="true" duration-ms="0" started-at="2020-03-11T11:55:58Z" finished-at="2020-03-11T11:55:58Z">
          <reporter-output>
          </reporter-output>
        </test-method> <!-- setUp -->
        <test-method status="SKIP" signature="customerPage()[pri:0, instance:com.shopcart.qa.testcases.TC_D_OrdersPageTest@3e6fa38a]" name="customerPage" duration-ms="0" started-at="2020-03-11T11:55:58Z" finished-at="2020-03-11T11:55:58Z">
          <reporter-output>
          </reporter-output>
        </test-method> <!-- customerPage -->
        <test-method status="SKIP" signature="setUp()[pri:0, instance:com.shopcart.qa.testcases.TC_D_OrdersPageTest@3e6fa38a]" name="setUp" is-config="true" duration-ms="0" started-at="2020-03-11T11:55:58Z" finished-at="2020-03-11T11:55:58Z">
          <reporter-output>
          </reporter-output>
        </test-method> <!-- setUp -->
        <test-method status="SKIP" signature="tearDown()[pri:0, instance:com.shopcart.qa.testcases.TC_D_OrdersPageTest@3e6fa38a]" name="tearDown" is-config="true" duration-ms="0" started-at="2020-03-11T11:55:58Z" finished-at="2020-03-11T11:55:58Z">
          <reporter-output>
          </reporter-output>
        </test-method> <!-- tearDown -->
        <test-method status="SKIP" signature="tearDown()[pri:0, instance:com.shopcart.qa.testcases.TC_D_OrdersPageTest@3e6fa38a]" name="tearDown" is-config="true" duration-ms="0" started-at="2020-03-11T11:55:58Z" finished-at="2020-03-11T11:55:58Z">
          <reporter-output>
          </reporter-output>
        </test-method> <!-- tearDown -->
        <test-method status="SKIP" signature="validateOrderMessages()[pri:0, instance:com.shopcart.qa.testcases.TC_D_OrdersPageTest@3e6fa38a]" name="validateOrderMessages" duration-ms="0" started-at="2020-03-11T11:55:58Z" finished-at="2020-03-11T11:55:58Z">
          <reporter-output>
          </reporter-output>
        </test-method> <!-- validateOrderMessages -->
      </class> <!-- com.shopcart.qa.testcases.TC_D_OrdersPageTest -->
      <class name="com.shopcart.qa.testcases.TC_B_HomePageTest">
        <test-method status="PASS" signature="setUp()[pri:0, instance:com.shopcart.qa.testcases.TC_B_HomePageTest@47c62251]" name="setUp" is-config="true" duration-ms="19073" started-at="2020-03-11T11:49:23Z" finished-at="2020-03-11T11:49:42Z">
          <reporter-output>
          </reporter-output>
        </test-method> <!-- setUp -->
        <test-method status="PASS" signature="verifyHomePageTitleTest()[pri:0, instance:com.shopcart.qa.testcases.TC_B_HomePageTest@47c62251]" name="verifyHomePageTitleTest" duration-ms="362" started-at="2020-03-11T11:49:42Z" finished-at="2020-03-11T11:49:43Z">
          <reporter-output>
          </reporter-output>
        </test-method> <!-- verifyHomePageTitleTest -->
        <test-method status="PASS" signature="tearDown()[pri:0, instance:com.shopcart.qa.testcases.TC_B_HomePageTest@47c62251]" name="tearDown" is-config="true" duration-ms="1355" started-at="2020-03-11T11:49:43Z" finished-at="2020-03-11T11:49:44Z">
          <reporter-output>
          </reporter-output>
        </test-method> <!-- tearDown -->
        <test-method status="PASS" signature="setUp()[pri:0, instance:com.shopcart.qa.testcases.TC_B_HomePageTest@47c62251]" name="setUp" is-config="true" duration-ms="20808" started-at="2020-03-11T11:53:39Z" finished-at="2020-03-11T11:54:00Z">
          <reporter-output>
          </reporter-output>
        </test-method> <!-- setUp -->
        <test-method status="PASS" signature="verifyCartTest()[pri:0, instance:com.shopcart.qa.testcases.TC_B_HomePageTest@47c62251]" name="verifyCartTest" duration-ms="9550" started-at="2020-03-11T11:54:00Z" finished-at="2020-03-11T11:54:09Z">
          <reporter-output>
          </reporter-output>
        </test-method> <!-- verifyCartTest -->
        <test-method status="PASS" signature="tearDown()[pri:0, instance:com.shopcart.qa.testcases.TC_B_HomePageTest@47c62251]" name="tearDown" is-config="true" duration-ms="1744" started-at="2020-03-11T11:54:09Z" finished-at="2020-03-11T11:54:11Z">
          <reporter-output>
          </reporter-output>
        </test-method> <!-- tearDown -->
        <test-method status="PASS" signature="setUp()[pri:0, instance:com.shopcart.qa.testcases.TC_B_HomePageTest@47c62251]" name="setUp" is-config="true" duration-ms="23908" started-at="2020-03-11T11:55:00Z" finished-at="2020-03-11T11:55:24Z">
          <reporter-output>
          </reporter-output>
        </test-method> <!-- setUp -->
        <test-method status="FAIL" signature="verifyQuickAcessTest()[pri:0, instance:com.shopcart.qa.testcases.TC_B_HomePageTest@47c62251]" name="verifyQuickAcessTest" duration-ms="9652" started-at="2020-03-11T11:55:24Z" finished-at="2020-03-11T11:55:34Z">
          <exception class="org.openqa.selenium.JavascriptException">
            <message>
              <![CDATA[javascript error: Failed to execute 'elementsFromPoint' on 'Document': The provided double value is non-finite.
  (Session info: chrome=80.0.3987.132)
Build info: version: '3.141.59', revision: 'e82be7d358', time: '2018-11-14T08:17:03'
System info: host: 'LAPTOP-5E3MODR9', ip: '192.168.0.103', os.name: 'Windows 10', os.arch: 'amd64', os.version: '10.0', java.version: '1.8.0_152'
Driver info: org.openqa.selenium.chrome.ChromeDriver
Capabilities {acceptInsecureCerts: false, browserName: chrome, browserVersion: 80.0.3987.132, chrome: {chromedriverVersion: 79.0.3945.36 (3582db32b3389..., userDataDir: C:\Users\BS146TU\AppData\Lo...}, goog:chromeOptions: {debuggerAddress: localhost:54627}, javascriptEnabled: true, networkConnectionEnabled: false, pageLoadStrategy: normal, platform: WINDOWS, platformName: WINDOWS, proxy: Proxy(), setWindowRect: true, strictFileInteractability: false, timeouts: {implicit: 0, pageLoad: 300000, script: 30000}, unhandledPromptBehavior: dismiss and notify}
Session ID: 6a1099785f40f8a3aeae951d366cc1c3]]>
            </message>
            <full-stacktrace>
              <![CDATA[org.openqa.selenium.JavascriptException: javascript error: Failed to execute 'elementsFromPoint' on 'Document': The provided double value is non-finite.
  (Session info: chrome=80.0.3987.132)
Build info: version: '3.141.59', revision: 'e82be7d358', time: '2018-11-14T08:17:03'
System info: host: 'LAPTOP-5E3MODR9', ip: '192.168.0.103', os.name: 'Windows 10', os.arch: 'amd64', os.version: '10.0', java.version: '1.8.0_152'
Driver info: org.openqa.selenium.chrome.ChromeDriver
Capabilities {acceptInsecureCerts: false, browserName: chrome, browserVersion: 80.0.3987.132, chrome: {chromedriverVersion: 79.0.3945.36 (3582db32b3389..., userDataDir: C:\Users\BS146TU\AppData\Lo...}, goog:chromeOptions: {debuggerAddress: localhost:54627}, javascriptEnabled: true, networkConnectionEnabled: false, pageLoadStrategy: normal, platform: WINDOWS, platformName: WINDOWS, proxy: Proxy(), setWindowRect: true, strictFileInteractability: false, timeouts: {implicit: 0, pageLoad: 300000, script: 30000}, unhandledPromptBehavior: dismiss and notify}
Session ID: 6a1099785f40f8a3aeae951d366cc1c3
	at sun.reflect.NativeConstructorAccessorImpl.newInstance0(Native Method)
	at sun.reflect.NativeConstructorAccessorImpl.newInstance(NativeConstructorAccessorImpl.java:62)
	at sun.reflect.DelegatingConstructorAccessorImpl.newInstance(DelegatingConstructorAccessorImpl.java:45)
	at java.lang.reflect.Constructor.newInstance(Constructor.java:423)
	at org.openqa.selenium.remote.http.W3CHttpResponseCodec.createException(W3CHttpResponseCodec.java:187)
	at org.openqa.selenium.remote.http.W3CHttpResponseCodec.decode(W3CHttpResponseCodec.java:122)
	at org.openqa.selenium.remote.http.W3CHttpResponseCodec.decode(W3CHttpResponseCodec.java:49)
	at org.openqa.selenium.remote.HttpCommandExecutor.execute(HttpCommandExecutor.java:158)
	at org.openqa.selenium.remote.service.DriverCommandExecutor.execute(DriverCommandExecutor.java:83)
	at org.openqa.selenium.remote.RemoteWebDriver.execute(RemoteWebDriver.java:552)
	at org.openqa.selenium.remote.RemoteWebDriver.perform(RemoteWebDriver.java:618)
	at org.openqa.selenium.interactions.Actions$BuiltAction.perform(Actions.java:639)
	at com.shopcart.qa.util.TestUtil.actions(TestUtil.java:21)
	at com.shopcart.qa.pages.HomePage.clickOnQuickAcessLink(HomePage.java:68)
	at com.shopcart.qa.testcases.TC_B_HomePageTest.verifyQuickAcessTest(TC_B_HomePageTest.java:47)
	at sun.reflect.NativeMethodAccessorImpl.invoke0(Native Method)
	at sun.reflect.NativeMethodAccessorImpl.invoke(NativeMethodAccessorImpl.java:62)
	at sun.reflect.DelegatingMethodAccessorImpl.invoke(DelegatingMethodAccessorImpl.java:43)
	at java.lang.reflect.Method.invoke(Method.java:498)
	at org.testng.internal.MethodInvocationHelper.invokeMethod(MethodInvocationHelper.java:80)
	at org.testng.internal.Invoker.invokeMethod(Invoker.java:714)
	at org.testng.internal.Invoker.invokeTestMethod(Invoker.java:901)
	at org.testng.internal.Invoker.invokeTestMethods(Invoker.java:1231)
	at org.testng.internal.TestMethodWorker.invokeTestMethods(TestMethodWorker.java:127)
	at org.testng.internal.TestMethodWorker.run(TestMethodWorker.java:111)
	at org.testng.TestRunner.privateRun(TestRunner.java:767)
	at org.testng.TestRunner.run(TestRunner.java:617)
	at org.testng.SuiteRunner.runTest(SuiteRunner.java:334)
	at org.testng.SuiteRunner.runSequentially(SuiteRunner.java:329)
	at org.testng.SuiteRunner.privateRun(SuiteRunner.java:291)
	at org.testng.SuiteRunner.run(SuiteRunner.java:240)
	at org.testng.SuiteRunnerWorker.runSuite(SuiteRunnerWorker.java:52)
	at org.testng.SuiteRunnerWorker.run(SuiteRunnerWorker.java:86)
	at org.testng.TestNG.runSuitesSequentially(TestNG.java:1198)
	at org.testng.TestNG.runSuitesLocally(TestNG.java:1123)
	at org.testng.TestNG.run(TestNG.java:1031)
	at org.apache.maven.surefire.testng.TestNGExecutor.run(TestNGExecutor.java:77)
	at org.apache.maven.surefire.testng.TestNGDirectoryTestSuite.executeMulti(TestNGDirectoryTestSuite.java:159)
	at org.apache.maven.surefire.testng.TestNGDirectoryTestSuite.execute(TestNGDirectoryTestSuite.java:99)
	at org.apache.maven.surefire.testng.TestNGProvider.invoke(TestNGProvider.java:106)
	at sun.reflect.NativeMethodAccessorImpl.invoke0(Native Method)
	at sun.reflect.NativeMethodAccessorImpl.invoke(NativeMethodAccessorImpl.java:62)
	at sun.reflect.DelegatingMethodAccessorImpl.invoke(DelegatingMethodAccessorImpl.java:43)
	at java.lang.reflect.Method.invoke(Method.java:498)
	at org.apache.maven.surefire.util.ReflectionUtils.invokeMethodWithArray(ReflectionUtils.java:189)
	at org.apache.maven.surefire.booter.ProviderFactory$ProviderProxy.invoke(ProviderFactory.java:165)
	at org.apache.maven.surefire.booter.ProviderFactory.invokeProvider(ProviderFactory.java:85)
	at org.apache.maven.surefire.booter.ForkedBooter.runSuitesInProcess(ForkedBooter.java:115)
	at org.apache.maven.surefire.booter.ForkedBooter.main(ForkedBooter.java:75)
]]>
            </full-stacktrace>
          </exception> <!-- org.openqa.selenium.JavascriptException -->
          <reporter-output>
          </reporter-output>
        </test-method> <!-- verifyQuickAcessTest -->
        <test-method status="PASS" signature="tearDown()[pri:0, instance:com.shopcart.qa.testcases.TC_B_HomePageTest@47c62251]" name="tearDown" is-config="true" duration-ms="4277" started-at="2020-03-11T11:55:34Z" finished-at="2020-03-11T11:55:38Z">
          <reporter-output>
          </reporter-output>
        </test-method> <!-- tearDown -->
        <test-method status="FAIL" signature="setUp()[pri:0, instance:com.shopcart.qa.testcases.TC_B_HomePageTest@47c62251]" name="setUp" is-config="true" duration-ms="0" started-at="2020-03-11T11:55:38Z" finished-at="2020-03-11T11:55:38Z">
          <exception class="org.openqa.selenium.SessionNotCreatedException">
            <message>
              <![CDATA[session not created
from chrome not reachable
  (Session info: chrome=80.0.3987.132)
Build info: version: '3.141.59', revision: 'e82be7d358', time: '2018-11-14T08:17:03'
System info: host: 'LAPTOP-5E3MODR9', ip: '192.168.0.103', os.name: 'Windows 10', os.arch: 'amd64', os.version: '10.0', java.version: '1.8.0_152'
Driver info: driver.version: ChromeDriver
remote stacktrace: Backtrace:
	Ordinal0 [0x0065A113+1548563]
	Ordinal0 [0x005DDDA1+1039777]
	Ordinal0 [0x0055E32E+516910]
	Ordinal0 [0x00558012+491538]
	Ordinal0 [0x005586EB+493291]
	Ordinal0 [0x00559855+497749]
	Ordinal0 [0x00555885+481413]
	Ordinal0 [0x0055F0D0+520400]
	Ordinal0 [0x0050C030+180272]
	Ordinal0 [0x0050B59D+177565]
	Ordinal0 [0x005095FB+169467]
	Ordinal0 [0x004F160A+71178]
	Ordinal0 [0x004F2690+75408]
	Ordinal0 [0x004F2629+75305]
	Ordinal0 [0x005F71B7+1143223]
	GetHandleVerifier [0x006F2B46+507814]
	GetHandleVerifier [0x006F2864+507076]
	GetHandleVerifier [0x006F9F47+537511]
	GetHandleVerifier [0x006F3402+510050]
	Ordinal0 [0x005EF29C+1110684]
	Ordinal0 [0x005F938B+1151883]
	Ordinal0 [0x005F94F3+1152243]
	Ordinal0 [0x005F83F5+1147893]
	BaseThreadInitThunk [0x770F6359+25]
	RtlGetAppContainerNamedObjectPath [0x77507B74+228]
	RtlGetAppContainerNamedObjectPath [0x77507B44+180]
]]>
            </message>
            <full-stacktrace>
              <![CDATA[org.openqa.selenium.SessionNotCreatedException: session not created
from chrome not reachable
  (Session info: chrome=80.0.3987.132)
Build info: version: '3.141.59', revision: 'e82be7d358', time: '2018-11-14T08:17:03'
System info: host: 'LAPTOP-5E3MODR9', ip: '192.168.0.103', os.name: 'Windows 10', os.arch: 'amd64', os.version: '10.0', java.version: '1.8.0_152'
Driver info: driver.version: ChromeDriver
remote stacktrace: Backtrace:
	Ordinal0 [0x0065A113+1548563]
	Ordinal0 [0x005DDDA1+1039777]
	Ordinal0 [0x0055E32E+516910]
	Ordinal0 [0x00558012+491538]
	Ordinal0 [0x005586EB+493291]
	Ordinal0 [0x00559855+497749]
	Ordinal0 [0x00555885+481413]
	Ordinal0 [0x0055F0D0+520400]
	Ordinal0 [0x0050C030+180272]
	Ordinal0 [0x0050B59D+177565]
	Ordinal0 [0x005095FB+169467]
	Ordinal0 [0x004F160A+71178]
	Ordinal0 [0x004F2690+75408]
	Ordinal0 [0x004F2629+75305]
	Ordinal0 [0x005F71B7+1143223]
	GetHandleVerifier [0x006F2B46+507814]
	GetHandleVerifier [0x006F2864+507076]
	GetHandleVerifier [0x006F9F47+537511]
	GetHandleVerifier [0x006F3402+510050]
	Ordinal0 [0x005EF29C+1110684]
	Ordinal0 [0x005F938B+1151883]
	Ordinal0 [0x005F94F3+1152243]
	Ordinal0 [0x005F83F5+1147893]
	BaseThreadInitThunk [0x770F6359+25]
	RtlGetAppContainerNamedObjectPath [0x77507B74+228]
	RtlGetAppContainerNamedObjectPath [0x77507B44+180]

	at sun.reflect.NativeConstructorAccessorImpl.newInstance0(Native Method)
	at sun.reflect.NativeConstructorAccessorImpl.newInstance(NativeConstructorAccessorImpl.java:62)
	at sun.reflect.DelegatingConstructorAccessorImpl.newInstance(DelegatingConstructorAccessorImpl.java:45)
	at java.lang.reflect.Constructor.newInstance(Constructor.java:423)
	at org.openqa.selenium.remote.W3CHandshakeResponse.lambda$errorHandler$0(W3CHandshakeResponse.java:62)
	at org.openqa.selenium.remote.HandshakeResponse.lambda$getResponseFunction$0(HandshakeResponse.java:30)
	at org.openqa.selenium.remote.ProtocolHandshake.lambda$createSession$0(ProtocolHandshake.java:126)
	at java.util.stream.ReferencePipeline$3$1.accept(ReferencePipeline.java:193)
	at java.util.Spliterators$ArraySpliterator.tryAdvance(Spliterators.java:958)
	at java.util.stream.ReferencePipeline.forEachWithCancel(ReferencePipeline.java:126)
	at java.util.stream.AbstractPipeline.copyIntoWithCancel(AbstractPipeline.java:498)
	at java.util.stream.AbstractPipeline.copyInto(AbstractPipeline.java:485)
	at java.util.stream.AbstractPipeline.wrapAndCopyInto(AbstractPipeline.java:471)
	at java.util.stream.FindOps$FindOp.evaluateSequential(FindOps.java:152)
	at java.util.stream.AbstractPipeline.evaluate(AbstractPipeline.java:234)
	at java.util.stream.ReferencePipeline.findFirst(ReferencePipeline.java:464)
	at org.openqa.selenium.remote.ProtocolHandshake.createSession(ProtocolHandshake.java:128)
	at org.openqa.selenium.remote.ProtocolHandshake.createSession(ProtocolHandshake.java:74)
	at org.openqa.selenium.remote.HttpCommandExecutor.execute(HttpCommandExecutor.java:136)
	at org.openqa.selenium.remote.service.DriverCommandExecutor.execute(DriverCommandExecutor.java:83)
	at org.openqa.selenium.remote.RemoteWebDriver.execute(RemoteWebDriver.java:552)
	at org.openqa.selenium.remote.RemoteWebDriver.startSession(RemoteWebDriver.java:213)
	at org.openqa.selenium.remote.RemoteWebDriver.<init>(RemoteWebDriver.java:131)
	at org.openqa.selenium.chrome.ChromeDriver.<init>(ChromeDriver.java:181)
	at org.openqa.selenium.chrome.ChromeDriver.<init>(ChromeDriver.java:168)
	at org.openqa.selenium.chrome.ChromeDriver.<init>(ChromeDriver.java:123)
	at com.shopcart.qa.base.TestBase.initialization(TestBase.java:43)
	at com.shopcart.qa.testcases.TC_B_HomePageTest.setUp(TC_B_HomePageTest.java:24)
	at sun.reflect.NativeMethodAccessorImpl.invoke0(Native Method)
	at sun.reflect.NativeMethodAccessorImpl.invoke(NativeMethodAccessorImpl.java:62)
	at sun.reflect.DelegatingMethodAccessorImpl.invoke(DelegatingMethodAccessorImpl.java:43)
	at java.lang.reflect.Method.invoke(Method.java:498)
	at org.testng.internal.MethodInvocationHelper.invokeMethod(MethodInvocationHelper.java:80)
	at org.testng.internal.Invoker.invokeConfigurationMethod(Invoker.java:564)
	at org.testng.internal.Invoker.invokeConfigurations(Invoker.java:213)
	at org.testng.internal.Invoker.invokeMethod(Invoker.java:653)
	at org.testng.internal.Invoker.invokeTestMethod(Invoker.java:901)
	at org.testng.internal.Invoker.invokeTestMethods(Invoker.java:1231)
	at org.testng.internal.TestMethodWorker.invokeTestMethods(TestMethodWorker.java:127)
	at org.testng.internal.TestMethodWorker.run(TestMethodWorker.java:111)
	at org.testng.TestRunner.privateRun(TestRunner.java:767)
	at org.testng.TestRunner.run(TestRunner.java:617)
	at org.testng.SuiteRunner.runTest(SuiteRunner.java:334)
	at org.testng.SuiteRunner.runSequentially(SuiteRunner.java:329)
	at org.testng.SuiteRunner.privateRun(SuiteRunner.java:291)
	at org.testng.SuiteRunner.run(SuiteRunner.java:240)
	at org.testng.SuiteRunnerWorker.runSuite(SuiteRunnerWorker.java:52)
	at org.testng.SuiteRunnerWorker.run(SuiteRunnerWorker.java:86)
	at org.testng.TestNG.runSuitesSequentially(TestNG.java:1198)
	at org.testng.TestNG.runSuitesLocally(TestNG.java:1123)
	at org.testng.TestNG.run(TestNG.java:1031)
	at org.apache.maven.surefire.testng.TestNGExecutor.run(TestNGExecutor.java:77)
	at org.apache.maven.surefire.testng.TestNGDirectoryTestSuite.executeMulti(TestNGDirectoryTestSuite.java:159)
	at org.apache.maven.surefire.testng.TestNGDirectoryTestSuite.execute(TestNGDirectoryTestSuite.java:99)
	at org.apache.maven.surefire.testng.TestNGProvider.invoke(TestNGProvider.java:106)
	at sun.reflect.NativeMethodAccessorImpl.invoke0(Native Method)
	at sun.reflect.NativeMethodAccessorImpl.invoke(NativeMethodAccessorImpl.java:62)
	at sun.reflect.DelegatingMethodAccessorImpl.invoke(DelegatingMethodAccessorImpl.java:43)
	at java.lang.reflect.Method.invoke(Method.java:498)
	at org.apache.maven.surefire.util.ReflectionUtils.invokeMethodWithArray(ReflectionUtils.java:189)
	at org.apache.maven.surefire.booter.ProviderFactory$ProviderProxy.invoke(ProviderFactory.java:165)
	at org.apache.maven.surefire.booter.ProviderFactory.invokeProvider(ProviderFactory.java:85)
	at org.apache.maven.surefire.booter.ForkedBooter.runSuitesInProcess(ForkedBooter.java:115)
	at org.apache.maven.surefire.booter.ForkedBooter.main(ForkedBooter.java:75)
]]>
            </full-stacktrace>
          </exception> <!-- org.openqa.selenium.SessionNotCreatedException -->
          <reporter-output>
          </reporter-output>
        </test-method> <!-- setUp -->
        <test-method status="SKIP" signature="verifySystemAdminLinkTest()[pri:0, instance:com.shopcart.qa.testcases.TC_B_HomePageTest@47c62251]" name="verifySystemAdminLinkTest" duration-ms="0" started-at="2020-03-11T11:55:58Z" finished-at="2020-03-11T11:55:58Z">
          <reporter-output>
          </reporter-output>
        </test-method> <!-- verifySystemAdminLinkTest -->
        <test-method status="SKIP" signature="tearDown()[pri:0, instance:com.shopcart.qa.testcases.TC_B_HomePageTest@47c62251]" name="tearDown" is-config="true" duration-ms="0" started-at="2020-03-11T11:55:58Z" finished-at="2020-03-11T11:55:58Z">
          <reporter-output>
          </reporter-output>
        </test-method> <!-- tearDown -->
        <test-method status="SKIP" signature="verifyHelpLinkTest()[pri:0, instance:com.shopcart.qa.testcases.TC_B_HomePageTest@47c62251]" name="verifyHelpLinkTest" duration-ms="1" started-at="2020-03-11T11:55:58Z" finished-at="2020-03-11T11:55:58Z">
          <reporter-output>
          </reporter-output>
        </test-method> <!-- verifyHelpLinkTest -->
        <test-method status="SKIP" signature="setUp()[pri:0, instance:com.shopcart.qa.testcases.TC_B_HomePageTest@47c62251]" name="setUp" is-config="true" duration-ms="0" started-at="2020-03-11T11:55:58Z" finished-at="2020-03-11T11:55:58Z">
          <reporter-output>
          </reporter-output>
        </test-method> <!-- setUp -->
        <test-method status="SKIP" signature="tearDown()[pri:0, instance:com.shopcart.qa.testcases.TC_B_HomePageTest@47c62251]" name="tearDown" is-config="true" duration-ms="0" started-at="2020-03-11T11:55:58Z" finished-at="2020-03-11T11:55:58Z">
          <reporter-output>
          </reporter-output>
        </test-method> <!-- tearDown -->
        <test-method status="SKIP" signature="setUp()[pri:0, instance:com.shopcart.qa.testcases.TC_B_HomePageTest@47c62251]" name="setUp" is-config="true" duration-ms="0" started-at="2020-03-11T11:55:58Z" finished-at="2020-03-11T11:55:58Z">
          <reporter-output>
          </reporter-output>
        </test-method> <!-- setUp -->
        <test-method status="SKIP" signature="tearDown()[pri:0, instance:com.shopcart.qa.testcases.TC_B_HomePageTest@47c62251]" name="tearDown" is-config="true" duration-ms="0" started-at="2020-03-11T11:55:58Z" finished-at="2020-03-11T11:55:58Z">
          <reporter-output>
          </reporter-output>
        </test-method> <!-- tearDown -->
        <test-method status="SKIP" signature="verifyDashbrdTest()[pri:0, instance:com.shopcart.qa.testcases.TC_B_HomePageTest@47c62251]" name="verifyDashbrdTest" duration-ms="0" started-at="2020-03-11T11:55:58Z" finished-at="2020-03-11T11:55:58Z">
          <reporter-output>
          </reporter-output>
        </test-method> <!-- verifyDashbrdTest -->
        <test-method status="SKIP" signature="setUp()[pri:0, instance:com.shopcart.qa.testcases.TC_B_HomePageTest@47c62251]" name="setUp" is-config="true" duration-ms="0" started-at="2020-03-11T11:55:58Z" finished-at="2020-03-11T11:55:58Z">
          <reporter-output>
          </reporter-output>
        </test-method> <!-- setUp -->
        <test-method status="SKIP" signature="menuListSizeTest()[pri:0, instance:com.shopcart.qa.testcases.TC_B_HomePageTest@47c62251]" name="menuListSizeTest" duration-ms="0" started-at="2020-03-11T11:55:58Z" finished-at="2020-03-11T11:55:58Z">
          <reporter-output>
          </reporter-output>
        </test-method> <!-- menuListSizeTest -->
        <test-method status="SKIP" signature="tearDown()[pri:0, instance:com.shopcart.qa.testcases.TC_B_HomePageTest@47c62251]" name="tearDown" is-config="true" duration-ms="0" started-at="2020-03-11T11:55:58Z" finished-at="2020-03-11T11:55:58Z">
          <reporter-output>
          </reporter-output>
        </test-method> <!-- tearDown -->
        <test-method status="SKIP" signature="searchMenuTest()[pri:0, instance:com.shopcart.qa.testcases.TC_B_HomePageTest@47c62251]" name="searchMenuTest" duration-ms="0" started-at="2020-03-11T11:55:58Z" finished-at="2020-03-11T11:55:58Z">
          <reporter-output>
          </reporter-output>
        </test-method> <!-- searchMenuTest -->
        <test-method status="SKIP" signature="setUp()[pri:0, instance:com.shopcart.qa.testcases.TC_B_HomePageTest@47c62251]" name="setUp" is-config="true" duration-ms="0" started-at="2020-03-11T11:55:58Z" finished-at="2020-03-11T11:55:58Z">
          <reporter-output>
          </reporter-output>
        </test-method> <!-- setUp -->
        <test-method status="SKIP" signature="tearDown()[pri:0, instance:com.shopcart.qa.testcases.TC_B_HomePageTest@47c62251]" name="tearDown" is-config="true" duration-ms="0" started-at="2020-03-11T11:55:58Z" finished-at="2020-03-11T11:55:58Z">
          <reporter-output>
          </reporter-output>
        </test-method> <!-- tearDown -->
        <test-method status="SKIP" signature="setUp()[pri:0, instance:com.shopcart.qa.testcases.TC_B_HomePageTest@47c62251]" name="setUp" is-config="true" duration-ms="0" started-at="2020-03-11T11:55:58Z" finished-at="2020-03-11T11:55:58Z">
          <reporter-output>
          </reporter-output>
        </test-method> <!-- setUp -->
        <test-method status="SKIP" signature="CatalogPageTest()[pri:0, instance:com.shopcart.qa.testcases.TC_B_HomePageTest@47c62251]" name="CatalogPageTest" duration-ms="0" started-at="2020-03-11T11:55:58Z" finished-at="2020-03-11T11:55:58Z">
          <reporter-output>
          </reporter-output>
        </test-method> <!-- CatalogPageTest -->
        <test-method status="SKIP" signature="tearDown()[pri:0, instance:com.shopcart.qa.testcases.TC_B_HomePageTest@47c62251]" name="tearDown" is-config="true" duration-ms="0" started-at="2020-03-11T11:55:58Z" finished-at="2020-03-11T11:55:58Z">
          <reporter-output>
          </reporter-output>
        </test-method> <!-- tearDown -->
      </class> <!-- com.shopcart.qa.testcases.TC_B_HomePageTest -->
    </test> <!-- Command line test -->
  </suite> <!-- Command line suite -->
</testng-results>
